[+] Containers:
 |- [+] Container: /Game/FirstPerson/Maps/FirstPersonMap
 |   |- [+] ActorDescs:
 |   |   |- Guid:014139064B272AE31FF877B819CB5734 BaseClass: NativeClass:/Script/Engine.StaticMeshActor Name:StaticMeshActor_8 Label:SM_ChamferCube3 SpatiallyLoaded:1 Bounds:IsValid=true, Min=(X=257.548 Y=2127.548 Z=0.063), Max=(X=462.452 Y=2332.452 Z=150.063) RuntimeGrid:None EditorOnly:0 RuntimeOnly:0 HLODRelevant:0 FolderPath:SimulatedCubes FolderGuid:9AEEADCB4DC6C647D6E7C0B4EDA1744F
 |   |   |- Guid:1F3CA80B4B428EF29BC691AA719061ED BaseClass: NativeClass:/Script/Landscape.LandscapeStreamingProxy Name:LandscapeStreamingProxy_5T7ODA9OY27RURHJ109P5J09Q_126_1_2_0 Label:LandscapeStreamingProxy_1_2_0 SpatiallyLoaded:1 Bounds:IsValid=true, Min=(X=-12600.000 Y=0.000 Z=0.000), Max=(X=0.000 Y=12600.000 Z=200.000) RuntimeGrid:None EditorOnly:0 RuntimeOnly:0 HLODRelevant:1
 |   |   |- Guid:27895B024119D8AB8D9489AED15033E9 BaseClass: NativeClass:/Script/Landscape.LandscapeStreamingProxy Name:LandscapeStreamingProxy_5T7ODA9OY27RURHJ109P5J09Q_126_0_2_0 Label:LandscapeStreamingProxy_0_2_0 SpatiallyLoaded:1 Bounds:IsValid=true, Min=(X=-25200.000 Y=0.000 Z=0.000), Max=(X=-12600.000 Y=12600.000 Z=200.000) RuntimeGrid:None EditorOnly:0 RuntimeOnly:0 HLODRelevant:1
 |   |   |- Guid:2A78EF094E089635A07B30AB9A046A81 BaseClass: NativeClass:/Script/Engine.StaticMeshActor Name:StaticMeshActor_47 Label:SM_ChamferCube13 SpatiallyLoaded:1 Bounds:IsValid=true, Min=(X=250.297 Y=3094.568 Z=100.013), Max=(X=391.180 Y=3235.451 Z=200.013) RuntimeGrid:None EditorOnly:0 RuntimeOnly:0 HLODRelevant:0 FolderPath:SimulatedCubes FolderGuid:9AEEADCB4DC6C647D6E7C0B4EDA1744F
 |   |   |- Guid:373BCADC4E0B3E726ED494AC5627B351 BaseClass: NativeClass:/Script/Engine.StaticMeshActor Name:StaticMeshActor_40 Label:SM_ChamferCube8 SpatiallyLoaded:1 Bounds:IsValid=true, Min=(X=2313.116 Y=1273.116 Z=0.063), Max=(X=2486.884 Y=1446.884 Z=150.063) RuntimeGrid:None EditorOnly:0 RuntimeOnly:0 HLODRelevant:0 FolderPath:SimulatedCubes FolderGuid:9AEEADCB4DC6C647D6E7C0B4EDA1744F
 |   |   |- Guid:503301344EDD2580C9B8269BA1FF0C83 BaseClass: NativeClass:/Script/Engine.StaticMeshActor Name:StaticMeshActor_29 Label:SM_ChamferCube4 SpatiallyLoaded:1 Bounds:IsValid=true, Min=(X=334.338 Y=334.338 Z=0.063), Max=(X=545.662 Y=545.662 Z=150.063) RuntimeGrid:None EditorOnly:0 RuntimeOnly:0 HLODRelevant:0 FolderPath:SimulatedCubes FolderGuid:9AEEADCB4DC6C647D6E7C0B4EDA1744F
 |   |   |- Guid:573177074D0ADB4DA9A357AE2A5CADA8 BaseClass: NativeClass:/Script/Engine.StaticMeshActor Name:StaticMeshActor_49 Label:SM_ChamferCube14 SpatiallyLoaded:1 Bounds:IsValid=true, Min=(X=2480.411 Y=2302.371 Z=0.013), Max=(X=2580.411 Y=2402.371 Z=100.013) RuntimeGrid:None EditorOnly:0 RuntimeOnly:0 HLODRelevant:0 FolderPath:SimulatedCubes FolderGuid:9AEEADCB4DC6C647D6E7C0B4EDA1744F
 |   |   |- Guid:57701D4948EF772501CC78A0712E1B51 BaseClass: NativeClass:/Script/Landscape.LandscapeStreamingProxy Name:LandscapeStreamingProxy_5T7ODA9OY27RURHJ109P5J09Q_126_1_3_0 Label:LandscapeStreamingProxy_1_3_0 SpatiallyLoaded:1 Bounds:IsValid=true, Min=(X=-12600.000 Y=12600.000 Z=0.000), Max=(X=0.000 Y=25200.000 Z=200.000) RuntimeGrid:None EditorOnly:0 RuntimeOnly:0 HLODRelevant:1
 |   |   |- Guid:5FA1B58748E3B3EA53BF639E7FDBCEB3 BaseClass: NativeClass:/Script/Landscape.LandscapeStreamingProxy Name:LandscapeStreamingProxy_5T7ODA9OY27RURHJ109P5J09Q_126_2_0_0 Label:LandscapeStreamingProxy_2_0_0 SpatiallyLoaded:1 Bounds:IsValid=true, Min=(X=0.000 Y=-25200.000 Z=0.000), Max=(X=12600.000 Y=-12600.000 Z=200.000) RuntimeGrid:None EditorOnly:0 RuntimeOnly:0 HLODRelevant:1
 |   |   |- Guid:5FE7584649BB6F09265329A6C57CFD0D BaseClass: NativeClass:/Script/Engine.VolumetricCloud Name:VolumetricCloud_0 Label:VolumetricCloud SpatiallyLoaded:0 Bounds:IsValid=true, Min=(X=0.000 Y=0.000 Z=820.000), Max=(X=0.000 Y=0.000 Z=820.000) RuntimeGrid:None EditorOnly:0 RuntimeOnly:0 HLODRelevant:0 FolderPath:Lighting FolderGuid:0BA5F0A04EADB18E70D5B180D08FA34B
 |   |   |- Guid:61391D344900612A77DFC3BA3E354907 BaseClass: NativeClass:/Script/Engine.ExponentialHeightFog Name:ExponentialHeightFog_0 Label:ExponentialHeightFog SpatiallyLoaded:0 Bounds:IsValid=true, Min=(X=-5600.000 Y=-50.000 Z=-6850.000), Max=(X=-5600.000 Y=-50.000 Z=-6850.000) RuntimeGrid:None EditorOnly:0 RuntimeOnly:0 HLODRelevant:0 FolderPath:Lighting FolderGuid:0BA5F0A04EADB18E70D5B180D08FA34B
 |   |   |- Guid:6B9F7C52434CCF99C7551893412C2C21 BaseClass: NativeClass:/Script/Engine.StaticMeshActor Name:StaticMeshActor_51 Label:SM_ChamferCube16 SpatiallyLoaded:1 Bounds:IsValid=true, Min=(X=2480.411 Y=2247.371 Z=100.013), Max=(X=2580.411 Y=2347.371 Z=200.013) RuntimeGrid:None EditorOnly:0 RuntimeOnly:0 HLODRelevant:0 FolderPath:SimulatedCubes FolderGuid:9AEEADCB4DC6C647D6E7C0B4EDA1744F
 |   |   |- Guid:6C66545E438FD17C37A19E96C7C80C77 BaseClass: NativeClass:/Script/Landscape.LandscapeStreamingProxy Name:LandscapeStreamingProxy_5T7ODA9OY27RURHJ109P5J09Q_126_3_0_0 Label:LandscapeStreamingProxy_3_0_0 SpatiallyLoaded:1 Bounds:IsValid=true, Min=(X=12600.000 Y=-25200.000 Z=0.000), Max=(X=25200.000 Y=-12600.000 Z=200.000) RuntimeGrid:None EditorOnly:0 RuntimeOnly:0 HLODRelevant:1
 |   |   |- Guid:6FEFB3BD4EB37B849EF0D4AC80F83855 BaseClass: NativeClass:/Script/Engine.WorldDataLayers Name:WorldDataLayers Label:WorldDataLayers SpatiallyLoaded:0 Bounds:IsValid=true, Min=(X=0.000 Y=0.000 Z=0.000), Max=(X=0.000 Y=0.000 Z=0.000) RuntimeGrid:None EditorOnly:0 RuntimeOnly:0 HLODRelevant:0
 |   |   |- Guid:7202C30944F9B44C6C17609A32F8BF3A BaseClass: NativeClass:/Script/Landscape.Landscape Name:Landscape_UAID_3024A994B200008001_1428905328 Label:Landscape SpatiallyLoaded:0 Bounds:IsValid=true, Min=(X=-25200.000 Y=-25200.000 Z=100.000), Max=(X=-25200.000 Y=-25200.000 Z=100.000) RuntimeGrid:None EditorOnly:0 RuntimeOnly:0 HLODRelevant:0
 |   |   |- Guid:764666EF4316C7851F06859A678454F2 BaseClass: NativeClass:/Script/Engine.StaticMeshActor Name:StaticMeshActor_46 Label:SM_ChamferCube12 SpatiallyLoaded:1 Bounds:IsValid=true, Min=(X=204.335 Y=3056.000 Z=0.013), Max=(X=345.218 Y=3196.884 Z=100.013) RuntimeGrid:None EditorOnly:0 RuntimeOnly:0 HLODRelevant:0 FolderPath:SimulatedCubes FolderGuid:9AEEADCB4DC6C647D6E7C0B4EDA1744F
 |   |   |- Guid:78907B824E304E162A9A02B9095F1FA1 BaseClass: NativeClass:/Script/Engine.StaticMeshActor Name:StaticMeshActor_43 Label:SM_ChamferCube9 SpatiallyLoaded:1 Bounds:IsValid=true, Min=(X=1191.292 Y=329.199 Z=0.013), Max=(X=1327.894 Y=465.801 Z=100.013) RuntimeGrid:None EditorOnly:0 RuntimeOnly:0 HLODRelevant:0 FolderPath:SimulatedCubes FolderGuid:9AEEADCB4DC6C647D6E7C0B4EDA1744F
 |   |   |- Guid:789694AA43EA356AE9F3F38EDECF7981 BaseClass: NativeClass:/Script/Landscape.LandscapeStreamingProxy Name:LandscapeStreamingProxy_5T7ODA9OY27RURHJ109P5J09Q_126_2_2_0 Label:LandscapeStreamingProxy_2_2_0 SpatiallyLoaded:1 Bounds:IsValid=true, Min=(X=0.000 Y=0.000 Z=0.000), Max=(X=12600.000 Y=12600.000 Z=200.000) RuntimeGrid:None EditorOnly:0 RuntimeOnly:0 HLODRelevant:1
 |   |   |- Guid:79C666E34833264FAEAE0395B6372C7B BaseClass: NativeClass:/Script/Landscape.LandscapeStreamingProxy Name:LandscapeStreamingProxy_5T7ODA9OY27RURHJ109P5J09Q_126_1_1_0 Label:LandscapeStreamingProxy_1_1_0 SpatiallyLoaded:1 Bounds:IsValid=true, Min=(X=-12600.000 Y=-12600.000 Z=0.000), Max=(X=0.000 Y=0.000 Z=200.000) RuntimeGrid:None EditorOnly:0 RuntimeOnly:0 HLODRelevant:1
 |   |   |- Guid:7DCFF2144714F0843D87428AC48CE4F4 BaseClass: NativeClass:/Script/Engine.StaticMeshActor Name:StaticMeshActor_24 Label:SM_ChamferCube17 SpatiallyLoaded:1 Bounds:IsValid=true, Min=(X=364.319 Y=1244.901 Z=0.013), Max=(X=492.491 Y=1373.073 Z=100.013) RuntimeGrid:None EditorOnly:0 RuntimeOnly:0 HLODRelevant:0 FolderPath:SimulatedCubes FolderGuid:9AEEADCB4DC6C647D6E7C0B4EDA1744F
 |   |   |- Guid:8655AF1B4D8D50C33E7A9F9925145A0D BaseClass: NativeClass:/Script/Landscape.LandscapeStreamingProxy Name:LandscapeStreamingProxy_5T7ODA9OY27RURHJ109P5J09Q_126_0_1_0 Label:LandscapeStreamingProxy_0_1_0 SpatiallyLoaded:1 Bounds:IsValid=true, Min=(X=-25200.000 Y=-12600.000 Z=0.000), Max=(X=-12600.000 Y=0.000 Z=200.000) RuntimeGrid:None EditorOnly:0 RuntimeOnly:0 HLODRelevant:1
 |   |   |- Guid:8AFC612846AD50E7D8B6FA9C6153817F BaseClass: NativeClass:/Script/Landscape.LandscapeStreamingProxy Name:LandscapeStreamingProxy_5T7ODA9OY27RURHJ109P5J09Q_126_1_0_0 Label:LandscapeStreamingProxy_1_0_0 SpatiallyLoaded:1 Bounds:IsValid=true, Min=(X=-12600.000 Y=-25200.000 Z=0.000), Max=(X=0.000 Y=-12600.000 Z=200.000) RuntimeGrid:None EditorOnly:0 RuntimeOnly:0 HLODRelevant:1
 |   |   |- Guid:8E9EA0F84D0FC901D6ABCF911C08AEE3 BaseClass: NativeClass:/Script/Engine.StaticMeshActor Name:StaticMeshActor_50 Label:SM_ChamferCube15 SpatiallyLoaded:1 Bounds:IsValid=true, Min=(X=2480.411 Y=2187.371 Z=0.013), Max=(X=2580.411 Y=2287.371 Z=100.013) RuntimeGrid:None EditorOnly:0 RuntimeOnly:0 HLODRelevant:0 FolderPath:SimulatedCubes FolderGuid:9AEEADCB4DC6C647D6E7C0B4EDA1744F
 |   |   |- Guid:A111F7D348889C9919FD9AAB38971F1C BaseClass: NativeClass:/Script/Landscape.LandscapeStreamingProxy Name:LandscapeStreamingProxy_5T7ODA9OY27RURHJ109P5J09Q_126_2_3_0 Label:LandscapeStreamingProxy_2_3_0 SpatiallyLoaded:1 Bounds:IsValid=true, Min=(X=0.000 Y=12600.000 Z=0.000), Max=(X=12600.000 Y=25200.000 Z=200.000) RuntimeGrid:None EditorOnly:0 RuntimeOnly:0 HLODRelevant:1
 |   |   |- Guid:A354B1B24E617A525DC6B48CCDE2417E BaseClass: NativeClass:/Script/Engine.PlayerStart Name:PlayerStart_0 Label:PlayerStart SpatiallyLoaded:0 Bounds:IsValid=true, Min=(X=860.000 Y=810.000 Z=0.013), Max=(X=940.000 Y=890.000 Z=184.013) RuntimeGrid:None EditorOnly:0 RuntimeOnly:0 HLODRelevant:0
 |   |   |- Guid:B0718D6846706384220C03973177EDC1 BaseClass: NativeClass:/Script/Engine.StaticMeshActor Name:StaticMeshActor_44 Label:SM_ChamferCube10 SpatiallyLoaded:1 Bounds:IsValid=true, Min=(X=1157.631 Y=317.500 Z=100.013), Max=(X=1257.631 Y=417.500 Z=200.013) RuntimeGrid:None EditorOnly:0 RuntimeOnly:0 HLODRelevant:0 FolderPath:SimulatedCubes FolderGuid:9AEEADCB4DC6C647D6E7C0B4EDA1744F
 |   |   |- Guid:BBA5644044F7474EB39C7F9C369BA09F BaseClass: NativeClass:/Script/Landscape.LandscapeStreamingProxy Name:LandscapeStreamingProxy_5T7ODA9OY27RURHJ109P5J09Q_126_3_2_0 Label:LandscapeStreamingProxy_3_2_0 SpatiallyLoaded:1 Bounds:IsValid=true, Min=(X=12600.000 Y=0.000 Z=0.000), Max=(X=25200.000 Y=12600.000 Z=200.000) RuntimeGrid:None EditorOnly:0 RuntimeOnly:0 HLODRelevant:1
 |   |   |- Guid:BF8044D14B5B79B8B076AB946DD70245 BaseClass: NativeClass:/Script/Landscape.LandscapeStreamingProxy Name:LandscapeStreamingProxy_5T7ODA9OY27RURHJ109P5J09Q_126_0_0_0 Label:LandscapeStreamingProxy_0_0_0 SpatiallyLoaded:1 Bounds:IsValid=true, Min=(X=-25200.000 Y=-25200.000 Z=0.000), Max=(X=-12600.000 Y=-12600.000 Z=200.000) RuntimeGrid:None EditorOnly:0 RuntimeOnly:0 HLODRelevant:1
 |   |   |- Guid:C0C56B9644AE3D40CAFF6A878DB29844 BaseClass: NativeClass:/Script/Engine.StaticMeshActor Name:StaticMeshActor_UAID_A4AE111137DC5EFB00_2001720423 Label:SM_SkySphere SpatiallyLoaded:0 Bounds:IsValid=true, Min=(X=-1638400.000 Y=-1638400.000 Z=-1638400.000), Max=(X=1638400.000 Y=1638400.000 Z=1638400.000) RuntimeGrid:None EditorOnly:0 RuntimeOnly:0 HLODRelevant:1 FolderPath:Lighting FolderGuid:0BA5F0A04EADB18E70D5B180D08FA34B
 |   |   |- Guid:C22CE07C4B87D685137FDBBC10FC92C6 BaseClass: NativeClass:/Script/Engine.SkyAtmosphere Name:SkyAtmosphere_0 Label:SkyAtmosphere SpatiallyLoaded:0 Bounds:IsValid=true, Min=(X=0.000 Y=0.000 Z=1020.000), Max=(X=0.000 Y=0.000 Z=1020.000) RuntimeGrid:None EditorOnly:0 RuntimeOnly:0 HLODRelevant:0 FolderPath:Lighting FolderGuid:0BA5F0A04EADB18E70D5B180D08FA34B
 |   |   |- Guid:CE8D82634660FCDB3120E2B8D547C533 BaseClass: NativeClass:/Script/Engine.PostProcessVolume Name:PostProcessVolume_0 Label:PostProcessVolume SpatiallyLoaded:0 Bounds:IsValid=true, Min=(X=0.000 Y=0.000 Z=400.000), Max=(X=200.000 Y=200.000 Z=600.000) RuntimeGrid:None EditorOnly:0 RuntimeOnly:0 HLODRelevant:0 FolderPath:Lighting FolderGuid:0BA5F0A04EADB18E70D5B180D08FA34B
 |   |   |- Guid:D0E7B6DE4F13045F06CBDD8124897FDC BaseClass: NativeClass:/Script/Landscape.LandscapeStreamingProxy Name:LandscapeStreamingProxy_5T7ODA9OY27RURHJ109P5J09Q_126_3_1_0 Label:LandscapeStreamingProxy_3_1_0 SpatiallyLoaded:1 Bounds:IsValid=true, Min=(X=12600.000 Y=-12600.000 Z=0.000), Max=(X=25200.000 Y=0.000 Z=200.000) RuntimeGrid:None EditorOnly:0 RuntimeOnly:0 HLODRelevant:1
 |   |   |- Guid:D3F644D648078F9DA43C029BE51EBA6E BaseClass: NativeClass:/Script/Landscape.LandscapeStreamingProxy Name:LandscapeStreamingProxy_5T7ODA9OY27RURHJ109P5J09Q_126_3_3_0 Label:LandscapeStreamingProxy_3_3_0 SpatiallyLoaded:1 Bounds:IsValid=true, Min=(X=12600.000 Y=12600.000 Z=0.000), Max=(X=25200.000 Y=25200.000 Z=200.000) RuntimeGrid:None EditorOnly:0 RuntimeOnly:0 HLODRelevant:1
 |   |   |- Guid:D44940D943955A5965276FBBEA044017 BaseClass: NativeClass:/Script/Engine.StaticMeshActor Name:StaticMeshActor_20 Label:SM_ChamferCube2 SpatiallyLoaded:1 Bounds:IsValid=true, Min=(X=324.987 Y=1136.837 Z=0.013), Max=(X=453.158 Y=1265.008 Z=100.013) RuntimeGrid:None EditorOnly:0 RuntimeOnly:0 HLODRelevant:0 FolderPath:SimulatedCubes FolderGuid:9AEEADCB4DC6C647D6E7C0B4EDA1744F
 |   |   |- Guid:D65CE26D4543AB64D3E1CE82A79B39D9 BaseClass: NativeClass:/Script/Engine.StaticMeshActor Name:StaticMeshActor_45 Label:SM_ChamferCube11 SpatiallyLoaded:1 Bounds:IsValid=true, Min=(X=292.430 Y=3129.921 Z=0.013), Max=(X=433.313 Y=3270.804 Z=100.013) RuntimeGrid:None EditorOnly:0 RuntimeOnly:0 HLODRelevant:0 FolderPath:SimulatedCubes FolderGuid:9AEEADCB4DC6C647D6E7C0B4EDA1744F
 |   |   |- Guid:D935740A490176EB4702AF96F92450E8 BaseClass: NativeClass:/Script/Engine.StaticMeshActor Name:StaticMeshActor_38 Label:SM_ChamferCube18 SpatiallyLoaded:1 Bounds:IsValid=true, Min=(X=343.798 Y=1188.520 Z=100.013), Max=(X=471.969 Y=1316.691 Z=200.013) RuntimeGrid:None EditorOnly:0 RuntimeOnly:0 HLODRelevant:0 FolderPath:SimulatedCubes FolderGuid:9AEEADCB4DC6C647D6E7C0B4EDA1744F
 |   |   |- Guid:E051597541B4C998010633A0C1018139 BaseClass: NativeClass:/Script/Engine.StaticMeshActor Name:StaticMeshActor_30 Label:SM_ChamferCube5 SpatiallyLoaded:1 Bounds:IsValid=true, Min=(X=1765.431 Y=2937.543 Z=0.063), Max=(X=1976.756 Y=3148.868 Z=150.063) RuntimeGrid:None EditorOnly:0 RuntimeOnly:0 HLODRelevant:0 FolderPath:SimulatedCubes FolderGuid:9AEEADCB4DC6C647D6E7C0B4EDA1744F
 |   |   |- Guid:E5320C1B4FD9764CE7B54D8487AEC613 BaseClass: NativeClass:/Script/Engine.SkyLight Name:SkyLight_0 Label:SkyLight SpatiallyLoaded:0 Bounds:IsValid=true, Min=(X=0.000 Y=0.000 Z=690.000), Max=(X=0.000 Y=0.000 Z=690.000) RuntimeGrid:None EditorOnly:0 RuntimeOnly:0 HLODRelevant:0 FolderPath:Lighting FolderGuid:0BA5F0A04EADB18E70D5B180D08FA34B
 |   |   |- Guid:EE66F4454A4A9F99393F559AB739C05E BaseClass:/Game/FirstPerson/Blueprints/BP_Pickup_Rifle.BP_Pickup_Rifle_C NativeClass:/Script/Engine.Actor Name:BP_Rifle_C_1 Label:BP_Pickup_Rifle SpatiallyLoaded:1 Bounds:IsValid=true, Min=(X=1378.000 Y=818.000 Z=64.000), Max=(X=1442.000 Y=907.440 Z=128.000) RuntimeGrid:None EditorOnly:0 RuntimeOnly:0 HLODRelevant:0
 |   |   |- Guid:F078F3EE41F2B5125E0414B01AD92730 BaseClass: NativeClass:/Script/Landscape.LandscapeStreamingProxy Name:LandscapeStreamingProxy_5T7ODA9OY27RURHJ109P5J09Q_126_2_1_0 Label:LandscapeStreamingProxy_2_1_0 SpatiallyLoaded:1 Bounds:IsValid=true, Min=(X=0.000 Y=-12600.000 Z=0.000), Max=(X=12600.000 Y=0.000 Z=200.000) RuntimeGrid:None EditorOnly:0 RuntimeOnly:0 HLODRelevant:1
 |   |   |- Guid:F80621C9446867154938FE81375207DA BaseClass: NativeClass:/Script/Engine.DirectionalLight Name:DirectionalLight_1 Label:DirectionalLight SpatiallyLoaded:0 Bounds:IsValid=true, Min=(X=-1048576.000 Y=-1048576.000 Z=-1048576.000), Max=(X=1048576.000 Y=1048576.000 Z=1048576.000) RuntimeGrid:None EditorOnly:0 RuntimeOnly:0 HLODRelevant:0 FolderPath:Lighting FolderGuid:0BA5F0A04EADB18E70D5B180D08FA34B
 |   |   |- Guid:FB7AFE8F4D945F4AF7E566A163B8C02E BaseClass: NativeClass:/Script/Landscape.LandscapeStreamingProxy Name:LandscapeStreamingProxy_5T7ODA9OY27RURHJ109P5J09Q_126_0_3_0 Label:LandscapeStreamingProxy_0_3_0 SpatiallyLoaded:1 Bounds:IsValid=true, Min=(X=-25200.000 Y=12600.000 Z=0.000), Max=(X=-12600.000 Y=25200.000 Z=200.000) RuntimeGrid:None EditorOnly:0 RuntimeOnly:0 HLODRelevant:1
 |   |   |- Guid:FE369CF94A071F9176E524A237CA92AA BaseClass: NativeClass:/Script/Engine.StaticMeshActor Name:StaticMeshActor_1 Label:SM_ChamferCube SpatiallyLoaded:1 Bounds:IsValid=true, Min=(X=1100.000 Y=500.000 Z=0.013), Max=(X=1200.000 Y=600.000 Z=100.013) RuntimeGrid:None EditorOnly:0 RuntimeOnly:0 HLODRelevant:0 FolderPath:SimulatedCubes FolderGuid:9AEEADCB4DC6C647D6E7C0B4EDA1744F
 |   |- [+] Clusters:
 |   |   |- [+] [  0]
 |   |   |   |- Guid:61391D344900612A77DFC3BA3E354907 BaseClass: NativeClass:/Script/Engine.ExponentialHeightFog Name:ExponentialHeightFog_0 Label:ExponentialHeightFog SpatiallyLoaded:0 Bounds:IsValid=true, Min=(X=-5600.000 Y=-50.000 Z=-6850.000), Max=(X=-5600.000 Y=-50.000 Z=-6850.000) RuntimeGrid:None EditorOnly:0 RuntimeOnly:0 HLODRelevant:0 FolderPath:Lighting FolderGuid:0BA5F0A04EADB18E70D5B180D08FA34B
 |   |   |- [+] [  1]
 |   |   |   |- Guid:5FE7584649BB6F09265329A6C57CFD0D BaseClass: NativeClass:/Script/Engine.VolumetricCloud Name:VolumetricCloud_0 Label:VolumetricCloud SpatiallyLoaded:0 Bounds:IsValid=true, Min=(X=0.000 Y=0.000 Z=820.000), Max=(X=0.000 Y=0.000 Z=820.000) RuntimeGrid:None EditorOnly:0 RuntimeOnly:0 HLODRelevant:0 FolderPath:Lighting FolderGuid:0BA5F0A04EADB18E70D5B180D08FA34B
 |   |   |- [+] [  2]
 |   |   |   |- Guid:D65CE26D4543AB64D3E1CE82A79B39D9 BaseClass: NativeClass:/Script/Engine.StaticMeshActor Name:StaticMeshActor_45 Label:SM_ChamferCube11 SpatiallyLoaded:1 Bounds:IsValid=true, Min=(X=292.430 Y=3129.921 Z=0.013), Max=(X=433.313 Y=3270.804 Z=100.013) RuntimeGrid:None EditorOnly:0 RuntimeOnly:0 HLODRelevant:0 FolderPath:SimulatedCubes FolderGuid:9AEEADCB4DC6C647D6E7C0B4EDA1744F
 |   |   |- [+] [  3]
 |   |   |   |- Guid:F80621C9446867154938FE81375207DA BaseClass: NativeClass:/Script/Engine.DirectionalLight Name:DirectionalLight_1 Label:DirectionalLight SpatiallyLoaded:0 Bounds:IsValid=true, Min=(X=-1048576.000 Y=-1048576.000 Z=-1048576.000), Max=(X=1048576.000 Y=1048576.000 Z=1048576.000) RuntimeGrid:None EditorOnly:0 RuntimeOnly:0 HLODRelevant:0 FolderPath:Lighting FolderGuid:0BA5F0A04EADB18E70D5B180D08FA34B
 |   |   |- [+] [  4]
 |   |   |   |- Guid:373BCADC4E0B3E726ED494AC5627B351 BaseClass: NativeClass:/Script/Engine.StaticMeshActor Name:StaticMeshActor_40 Label:SM_ChamferCube8 SpatiallyLoaded:1 Bounds:IsValid=true, Min=(X=2313.116 Y=1273.116 Z=0.063), Max=(X=2486.884 Y=1446.884 Z=150.063) RuntimeGrid:None EditorOnly:0 RuntimeOnly:0 HLODRelevant:0 FolderPath:SimulatedCubes FolderGuid:9AEEADCB4DC6C647D6E7C0B4EDA1744F
 |   |   |- [+] [  5]
 |   |   |   |- Guid:8E9EA0F84D0FC901D6ABCF911C08AEE3 BaseClass: NativeClass:/Script/Engine.StaticMeshActor Name:StaticMeshActor_50 Label:SM_ChamferCube15 SpatiallyLoaded:1 Bounds:IsValid=true, Min=(X=2480.411 Y=2187.371 Z=0.013), Max=(X=2580.411 Y=2287.371 Z=100.013) RuntimeGrid:None EditorOnly:0 RuntimeOnly:0 HLODRelevant:0 FolderPath:SimulatedCubes FolderGuid:9AEEADCB4DC6C647D6E7C0B4EDA1744F
 |   |   |- [+] [  6]
 |   |   |   |- Guid:FE369CF94A071F9176E524A237CA92AA BaseClass: NativeClass:/Script/Engine.StaticMeshActor Name:StaticMeshActor_1 Label:SM_ChamferCube SpatiallyLoaded:1 Bounds:IsValid=true, Min=(X=1100.000 Y=500.000 Z=0.013), Max=(X=1200.000 Y=600.000 Z=100.013) RuntimeGrid:None EditorOnly:0 RuntimeOnly:0 HLODRelevant:0 FolderPath:SimulatedCubes FolderGuid:9AEEADCB4DC6C647D6E7C0B4EDA1744F
 |   |   |- [+] [  7]
 |   |   |   |- Guid:2A78EF094E089635A07B30AB9A046A81 BaseClass: NativeClass:/Script/Engine.StaticMeshActor Name:StaticMeshActor_47 Label:SM_ChamferCube13 SpatiallyLoaded:1 Bounds:IsValid=true, Min=(X=250.297 Y=3094.568 Z=100.013), Max=(X=391.180 Y=3235.451 Z=200.013) RuntimeGrid:None EditorOnly:0 RuntimeOnly:0 HLODRelevant:0 FolderPath:SimulatedCubes FolderGuid:9AEEADCB4DC6C647D6E7C0B4EDA1744F
 |   |   |- [+] [  8]
 |   |   |   |- Guid:7DCFF2144714F0843D87428AC48CE4F4 BaseClass: NativeClass:/Script/Engine.StaticMeshActor Name:StaticMeshActor_24 Label:SM_ChamferCube17 SpatiallyLoaded:1 Bounds:IsValid=true, Min=(X=364.319 Y=1244.901 Z=0.013), Max=(X=492.491 Y=1373.073 Z=100.013) RuntimeGrid:None EditorOnly:0 RuntimeOnly:0 HLODRelevant:0 FolderPath:SimulatedCubes FolderGuid:9AEEADCB4DC6C647D6E7C0B4EDA1744F
 |   |   |- [+] [  9]
 |   |   |   |- Guid:EE66F4454A4A9F99393F559AB739C05E BaseClass:/Game/FirstPerson/Blueprints/BP_Pickup_Rifle.BP_Pickup_Rifle_C NativeClass:/Script/Engine.Actor Name:BP_Rifle_C_1 Label:BP_Pickup_Rifle SpatiallyLoaded:1 Bounds:IsValid=true, Min=(X=1378.000 Y=818.000 Z=64.000), Max=(X=1442.000 Y=907.440 Z=128.000) RuntimeGrid:None EditorOnly:0 RuntimeOnly:0 HLODRelevant:0
 |   |   |- [+] [ 10]
 |   |   |   |- Guid:E5320C1B4FD9764CE7B54D8487AEC613 BaseClass: NativeClass:/Script/Engine.SkyLight Name:SkyLight_0 Label:SkyLight SpatiallyLoaded:0 Bounds:IsValid=true, Min=(X=0.000 Y=0.000 Z=690.000), Max=(X=0.000 Y=0.000 Z=690.000) RuntimeGrid:None EditorOnly:0 RuntimeOnly:0 HLODRelevant:0 FolderPath:Lighting FolderGuid:0BA5F0A04EADB18E70D5B180D08FA34B
 |   |   |- [+] [ 11]
 |   |   |   |- Guid:78907B824E304E162A9A02B9095F1FA1 BaseClass: NativeClass:/Script/Engine.StaticMeshActor Name:StaticMeshActor_43 Label:SM_ChamferCube9 SpatiallyLoaded:1 Bounds:IsValid=true, Min=(X=1191.292 Y=329.199 Z=0.013), Max=(X=1327.894 Y=465.801 Z=100.013) RuntimeGrid:None EditorOnly:0 RuntimeOnly:0 HLODRelevant:0 FolderPath:SimulatedCubes FolderGuid:9AEEADCB4DC6C647D6E7C0B4EDA1744F
 |   |   |- [+] [ 12]
 |   |   |   |- Guid:573177074D0ADB4DA9A357AE2A5CADA8 BaseClass: NativeClass:/Script/Engine.StaticMeshActor Name:StaticMeshActor_49 Label:SM_ChamferCube14 SpatiallyLoaded:1 Bounds:IsValid=true, Min=(X=2480.411 Y=2302.371 Z=0.013), Max=(X=2580.411 Y=2402.371 Z=100.013) RuntimeGrid:None EditorOnly:0 RuntimeOnly:0 HLODRelevant:0 FolderPath:SimulatedCubes FolderGuid:9AEEADCB4DC6C647D6E7C0B4EDA1744F
 |   |   |- [+] [ 13]
 |   |   |   |- Guid:E051597541B4C998010633A0C1018139 BaseClass: NativeClass:/Script/Engine.StaticMeshActor Name:StaticMeshActor_30 Label:SM_ChamferCube5 SpatiallyLoaded:1 Bounds:IsValid=true, Min=(X=1765.431 Y=2937.543 Z=0.063), Max=(X=1976.756 Y=3148.868 Z=150.063) RuntimeGrid:None EditorOnly:0 RuntimeOnly:0 HLODRelevant:0 FolderPath:SimulatedCubes FolderGuid:9AEEADCB4DC6C647D6E7C0B4EDA1744F
 |   |   |- [+] [ 14]
 |   |   |   |- Guid:B0718D6846706384220C03973177EDC1 BaseClass: NativeClass:/Script/Engine.StaticMeshActor Name:StaticMeshActor_44 Label:SM_ChamferCube10 SpatiallyLoaded:1 Bounds:IsValid=true, Min=(X=1157.631 Y=317.500 Z=100.013), Max=(X=1257.631 Y=417.500 Z=200.013) RuntimeGrid:None EditorOnly:0 RuntimeOnly:0 HLODRelevant:0 FolderPath:SimulatedCubes FolderGuid:9AEEADCB4DC6C647D6E7C0B4EDA1744F
 |   |   |- [+] [ 15]
 |   |   |   |- Guid:014139064B272AE31FF877B819CB5734 BaseClass: NativeClass:/Script/Engine.StaticMeshActor Name:StaticMeshActor_8 Label:SM_ChamferCube3 SpatiallyLoaded:1 Bounds:IsValid=true, Min=(X=257.548 Y=2127.548 Z=0.063), Max=(X=462.452 Y=2332.452 Z=150.063) RuntimeGrid:None EditorOnly:0 RuntimeOnly:0 HLODRelevant:0 FolderPath:SimulatedCubes FolderGuid:9AEEADCB4DC6C647D6E7C0B4EDA1744F
 |   |   |- [+] [ 16]
 |   |   |   |- Guid:764666EF4316C7851F06859A678454F2 BaseClass: NativeClass:/Script/Engine.StaticMeshActor Name:StaticMeshActor_46 Label:SM_ChamferCube12 SpatiallyLoaded:1 Bounds:IsValid=true, Min=(X=204.335 Y=3056.000 Z=0.013), Max=(X=345.218 Y=3196.884 Z=100.013) RuntimeGrid:None EditorOnly:0 RuntimeOnly:0 HLODRelevant:0 FolderPath:SimulatedCubes FolderGuid:9AEEADCB4DC6C647D6E7C0B4EDA1744F
 |   |   |- [+] [ 17]
 |   |   |   |- Guid:A354B1B24E617A525DC6B48CCDE2417E BaseClass: NativeClass:/Script/Engine.PlayerStart Name:PlayerStart_0 Label:PlayerStart SpatiallyLoaded:0 Bounds:IsValid=true, Min=(X=860.000 Y=810.000 Z=0.013), Max=(X=940.000 Y=890.000 Z=184.013) RuntimeGrid:None EditorOnly:0 RuntimeOnly:0 HLODRelevant:0
 |   |   |- [+] [ 18]
 |   |   |   |- Guid:6B9F7C52434CCF99C7551893412C2C21 BaseClass: NativeClass:/Script/Engine.StaticMeshActor Name:StaticMeshActor_51 Label:SM_ChamferCube16 SpatiallyLoaded:1 Bounds:IsValid=true, Min=(X=2480.411 Y=2247.371 Z=100.013), Max=(X=2580.411 Y=2347.371 Z=200.013) RuntimeGrid:None EditorOnly:0 RuntimeOnly:0 HLODRelevant:0 FolderPath:SimulatedCubes FolderGuid:9AEEADCB4DC6C647D6E7C0B4EDA1744F
 |   |   |- [+] [ 19]
 |   |   |   |- Guid:D935740A490176EB4702AF96F92450E8 BaseClass: NativeClass:/Script/Engine.StaticMeshActor Name:StaticMeshActor_38 Label:SM_ChamferCube18 SpatiallyLoaded:1 Bounds:IsValid=true, Min=(X=343.798 Y=1188.520 Z=100.013), Max=(X=471.969 Y=1316.691 Z=200.013) RuntimeGrid:None EditorOnly:0 RuntimeOnly:0 HLODRelevant:0 FolderPath:SimulatedCubes FolderGuid:9AEEADCB4DC6C647D6E7C0B4EDA1744F
 |   |   |- [+] [ 20]
 |   |   |   |- Guid:503301344EDD2580C9B8269BA1FF0C83 BaseClass: NativeClass:/Script/Engine.StaticMeshActor Name:StaticMeshActor_29 Label:SM_ChamferCube4 SpatiallyLoaded:1 Bounds:IsValid=true, Min=(X=334.338 Y=334.338 Z=0.063), Max=(X=545.662 Y=545.662 Z=150.063) RuntimeGrid:None EditorOnly:0 RuntimeOnly:0 HLODRelevant:0 FolderPath:SimulatedCubes FolderGuid:9AEEADCB4DC6C647D6E7C0B4EDA1744F
 |   |   |- [+] [ 21]
 |   |   |   |- Guid:C22CE07C4B87D685137FDBBC10FC92C6 BaseClass: NativeClass:/Script/Engine.SkyAtmosphere Name:SkyAtmosphere_0 Label:SkyAtmosphere SpatiallyLoaded:0 Bounds:IsValid=true, Min=(X=0.000 Y=0.000 Z=1020.000), Max=(X=0.000 Y=0.000 Z=1020.000) RuntimeGrid:None EditorOnly:0 RuntimeOnly:0 HLODRelevant:0 FolderPath:Lighting FolderGuid:0BA5F0A04EADB18E70D5B180D08FA34B
 |   |   |- [+] [ 22]
 |   |   |   |- Guid:C0C56B9644AE3D40CAFF6A878DB29844 BaseClass: NativeClass:/Script/Engine.StaticMeshActor Name:StaticMeshActor_UAID_A4AE111137DC5EFB00_2001720423 Label:SM_SkySphere SpatiallyLoaded:0 Bounds:IsValid=true, Min=(X=-1638400.000 Y=-1638400.000 Z=-1638400.000), Max=(X=1638400.000 Y=1638400.000 Z=1638400.000) RuntimeGrid:None EditorOnly:0 RuntimeOnly:0 HLODRelevant:1 FolderPath:Lighting FolderGuid:0BA5F0A04EADB18E70D5B180D08FA34B
 |   |   |- [+] [ 23]
 |   |   |   |- Guid:6FEFB3BD4EB37B849EF0D4AC80F83855 BaseClass: NativeClass:/Script/Engine.WorldDataLayers Name:WorldDataLayers Label:WorldDataLayers SpatiallyLoaded:0 Bounds:IsValid=true, Min=(X=0.000 Y=0.000 Z=0.000), Max=(X=0.000 Y=0.000 Z=0.000) RuntimeGrid:None EditorOnly:0 RuntimeOnly:0 HLODRelevant:0
 |   |   |- [+] [ 24]
 |   |   |   |- Guid:CE8D82634660FCDB3120E2B8D547C533 BaseClass: NativeClass:/Script/Engine.PostProcessVolume Name:PostProcessVolume_0 Label:PostProcessVolume SpatiallyLoaded:0 Bounds:IsValid=true, Min=(X=0.000 Y=0.000 Z=400.000), Max=(X=200.000 Y=200.000 Z=600.000) RuntimeGrid:None EditorOnly:0 RuntimeOnly:0 HLODRelevant:0 FolderPath:Lighting FolderGuid:0BA5F0A04EADB18E70D5B180D08FA34B
 |   |   |- [+] [ 25]
 |   |   |   |- Guid:D44940D943955A5965276FBBEA044017 BaseClass: NativeClass:/Script/Engine.StaticMeshActor Name:StaticMeshActor_20 Label:SM_ChamferCube2 SpatiallyLoaded:1 Bounds:IsValid=true, Min=(X=324.987 Y=1136.837 Z=0.013), Max=(X=453.158 Y=1265.008 Z=100.013) RuntimeGrid:None EditorOnly:0 RuntimeOnly:0 HLODRelevant:0 FolderPath:SimulatedCubes FolderGuid:9AEEADCB4DC6C647D6E7C0B4EDA1744F
 |   |   |- [+] [ 26]
 |   |   |   |- Guid:7202C30944F9B44C6C17609A32F8BF3A BaseClass: NativeClass:/Script/Landscape.Landscape Name:Landscape_UAID_3024A994B200008001_1428905328 Label:Landscape SpatiallyLoaded:0 Bounds:IsValid=true, Min=(X=-25200.000 Y=-25200.000 Z=100.000), Max=(X=-25200.000 Y=-25200.000 Z=100.000) RuntimeGrid:None EditorOnly:0 RuntimeOnly:0 HLODRelevant:0
 |   |   |- [+] [ 27]
 |   |   |   |- Guid:BF8044D14B5B79B8B076AB946DD70245 BaseClass: NativeClass:/Script/Landscape.LandscapeStreamingProxy Name:LandscapeStreamingProxy_5T7ODA9OY27RURHJ109P5J09Q_126_0_0_0 Label:LandscapeStreamingProxy_0_0_0 SpatiallyLoaded:1 Bounds:IsValid=true, Min=(X=-25200.000 Y=-25200.000 Z=0.000), Max=(X=-12600.000 Y=-12600.000 Z=200.000) RuntimeGrid:None EditorOnly:0 RuntimeOnly:0 HLODRelevant:1
 |   |   |- [+] [ 28]
 |   |   |   |- Guid:8AFC612846AD50E7D8B6FA9C6153817F BaseClass: NativeClass:/Script/Landscape.LandscapeStreamingProxy Name:LandscapeStreamingProxy_5T7ODA9OY27RURHJ109P5J09Q_126_1_0_0 Label:LandscapeStreamingProxy_1_0_0 SpatiallyLoaded:1 Bounds:IsValid=true, Min=(X=-12600.000 Y=-25200.000 Z=0.000), Max=(X=0.000 Y=-12600.000 Z=200.000) RuntimeGrid:None EditorOnly:0 RuntimeOnly:0 HLODRelevant:1
 |   |   |- [+] [ 29]
 |   |   |   |- Guid:5FA1B58748E3B3EA53BF639E7FDBCEB3 BaseClass: NativeClass:/Script/Landscape.LandscapeStreamingProxy Name:LandscapeStreamingProxy_5T7ODA9OY27RURHJ109P5J09Q_126_2_0_0 Label:LandscapeStreamingProxy_2_0_0 SpatiallyLoaded:1 Bounds:IsValid=true, Min=(X=0.000 Y=-25200.000 Z=0.000), Max=(X=12600.000 Y=-12600.000 Z=200.000) RuntimeGrid:None EditorOnly:0 RuntimeOnly:0 HLODRelevant:1
 |   |   |- [+] [ 30]
 |   |   |   |- Guid:6C66545E438FD17C37A19E96C7C80C77 BaseClass: NativeClass:/Script/Landscape.LandscapeStreamingProxy Name:LandscapeStreamingProxy_5T7ODA9OY27RURHJ109P5J09Q_126_3_0_0 Label:LandscapeStreamingProxy_3_0_0 SpatiallyLoaded:1 Bounds:IsValid=true, Min=(X=12600.000 Y=-25200.000 Z=0.000), Max=(X=25200.000 Y=-12600.000 Z=200.000) RuntimeGrid:None EditorOnly:0 RuntimeOnly:0 HLODRelevant:1
 |   |   |- [+] [ 31]
 |   |   |   |- Guid:8655AF1B4D8D50C33E7A9F9925145A0D BaseClass: NativeClass:/Script/Landscape.LandscapeStreamingProxy Name:LandscapeStreamingProxy_5T7ODA9OY27RURHJ109P5J09Q_126_0_1_0 Label:LandscapeStreamingProxy_0_1_0 SpatiallyLoaded:1 Bounds:IsValid=true, Min=(X=-25200.000 Y=-12600.000 Z=0.000), Max=(X=-12600.000 Y=0.000 Z=200.000) RuntimeGrid:None EditorOnly:0 RuntimeOnly:0 HLODRelevant:1
 |   |   |- [+] [ 32]
 |   |   |   |- Guid:79C666E34833264FAEAE0395B6372C7B BaseClass: NativeClass:/Script/Landscape.LandscapeStreamingProxy Name:LandscapeStreamingProxy_5T7ODA9OY27RURHJ109P5J09Q_126_1_1_0 Label:LandscapeStreamingProxy_1_1_0 SpatiallyLoaded:1 Bounds:IsValid=true, Min=(X=-12600.000 Y=-12600.000 Z=0.000), Max=(X=0.000 Y=0.000 Z=200.000) RuntimeGrid:None EditorOnly:0 RuntimeOnly:0 HLODRelevant:1
 |   |   |- [+] [ 33]
 |   |   |   |- Guid:F078F3EE41F2B5125E0414B01AD92730 BaseClass: NativeClass:/Script/Landscape.LandscapeStreamingProxy Name:LandscapeStreamingProxy_5T7ODA9OY27RURHJ109P5J09Q_126_2_1_0 Label:LandscapeStreamingProxy_2_1_0 SpatiallyLoaded:1 Bounds:IsValid=true, Min=(X=0.000 Y=-12600.000 Z=0.000), Max=(X=12600.000 Y=0.000 Z=200.000) RuntimeGrid:None EditorOnly:0 RuntimeOnly:0 HLODRelevant:1
 |   |   |- [+] [ 34]
 |   |   |   |- Guid:D0E7B6DE4F13045F06CBDD8124897FDC BaseClass: NativeClass:/Script/Landscape.LandscapeStreamingProxy Name:LandscapeStreamingProxy_5T7ODA9OY27RURHJ109P5J09Q_126_3_1_0 Label:LandscapeStreamingProxy_3_1_0 SpatiallyLoaded:1 Bounds:IsValid=true, Min=(X=12600.000 Y=-12600.000 Z=0.000), Max=(X=25200.000 Y=0.000 Z=200.000) RuntimeGrid:None EditorOnly:0 RuntimeOnly:0 HLODRelevant:1
 |   |   |- [+] [ 35]
 |   |   |   |- Guid:27895B024119D8AB8D9489AED15033E9 BaseClass: NativeClass:/Script/Landscape.LandscapeStreamingProxy Name:LandscapeStreamingProxy_5T7ODA9OY27RURHJ109P5J09Q_126_0_2_0 Label:LandscapeStreamingProxy_0_2_0 SpatiallyLoaded:1 Bounds:IsValid=true, Min=(X=-25200.000 Y=0.000 Z=0.000), Max=(X=-12600.000 Y=12600.000 Z=200.000) RuntimeGrid:None EditorOnly:0 RuntimeOnly:0 HLODRelevant:1
 |   |   |- [+] [ 36]
 |   |   |   |- Guid:1F3CA80B4B428EF29BC691AA719061ED BaseClass: NativeClass:/Script/Landscape.LandscapeStreamingProxy Name:LandscapeStreamingProxy_5T7ODA9OY27RURHJ109P5J09Q_126_1_2_0 Label:LandscapeStreamingProxy_1_2_0 SpatiallyLoaded:1 Bounds:IsValid=true, Min=(X=-12600.000 Y=0.000 Z=0.000), Max=(X=0.000 Y=12600.000 Z=200.000) RuntimeGrid:None EditorOnly:0 RuntimeOnly:0 HLODRelevant:1
 |   |   |- [+] [ 37]
 |   |   |   |- Guid:789694AA43EA356AE9F3F38EDECF7981 BaseClass: NativeClass:/Script/Landscape.LandscapeStreamingProxy Name:LandscapeStreamingProxy_5T7ODA9OY27RURHJ109P5J09Q_126_2_2_0 Label:LandscapeStreamingProxy_2_2_0 SpatiallyLoaded:1 Bounds:IsValid=true, Min=(X=0.000 Y=0.000 Z=0.000), Max=(X=12600.000 Y=12600.000 Z=200.000) RuntimeGrid:None EditorOnly:0 RuntimeOnly:0 HLODRelevant:1
 |   |   |- [+] [ 38]
 |   |   |   |- Guid:BBA5644044F7474EB39C7F9C369BA09F BaseClass: NativeClass:/Script/Landscape.LandscapeStreamingProxy Name:LandscapeStreamingProxy_5T7ODA9OY27RURHJ109P5J09Q_126_3_2_0 Label:LandscapeStreamingProxy_3_2_0 SpatiallyLoaded:1 Bounds:IsValid=true, Min=(X=12600.000 Y=0.000 Z=0.000), Max=(X=25200.000 Y=12600.000 Z=200.000) RuntimeGrid:None EditorOnly:0 RuntimeOnly:0 HLODRelevant:1
 |   |   |- [+] [ 39]
 |   |   |   |- Guid:FB7AFE8F4D945F4AF7E566A163B8C02E BaseClass: NativeClass:/Script/Landscape.LandscapeStreamingProxy Name:LandscapeStreamingProxy_5T7ODA9OY27RURHJ109P5J09Q_126_0_3_0 Label:LandscapeStreamingProxy_0_3_0 SpatiallyLoaded:1 Bounds:IsValid=true, Min=(X=-25200.000 Y=12600.000 Z=0.000), Max=(X=-12600.000 Y=25200.000 Z=200.000) RuntimeGrid:None EditorOnly:0 RuntimeOnly:0 HLODRelevant:1
 |   |   |- [+] [ 40]
 |   |   |   |- Guid:57701D4948EF772501CC78A0712E1B51 BaseClass: NativeClass:/Script/Landscape.LandscapeStreamingProxy Name:LandscapeStreamingProxy_5T7ODA9OY27RURHJ109P5J09Q_126_1_3_0 Label:LandscapeStreamingProxy_1_3_0 SpatiallyLoaded:1 Bounds:IsValid=true, Min=(X=-12600.000 Y=12600.000 Z=0.000), Max=(X=0.000 Y=25200.000 Z=200.000) RuntimeGrid:None EditorOnly:0 RuntimeOnly:0 HLODRelevant:1
 |   |   |- [+] [ 41]
 |   |   |   |- Guid:A111F7D348889C9919FD9AAB38971F1C BaseClass: NativeClass:/Script/Landscape.LandscapeStreamingProxy Name:LandscapeStreamingProxy_5T7ODA9OY27RURHJ109P5J09Q_126_2_3_0 Label:LandscapeStreamingProxy_2_3_0 SpatiallyLoaded:1 Bounds:IsValid=true, Min=(X=0.000 Y=12600.000 Z=0.000), Max=(X=12600.000 Y=25200.000 Z=200.000) RuntimeGrid:None EditorOnly:0 RuntimeOnly:0 HLODRelevant:1
 |   |   |- [+] [ 42]
 |   |   |   |- Guid:D3F644D648078F9DA43C029BE51EBA6E BaseClass: NativeClass:/Script/Landscape.LandscapeStreamingProxy Name:LandscapeStreamingProxy_5T7ODA9OY27RURHJ109P5J09Q_126_3_3_0 Label:LandscapeStreamingProxy_3_3_0 SpatiallyLoaded:1 Bounds:IsValid=true, Min=(X=12600.000 Y=12600.000 Z=0.000), Max=(X=25200.000 Y=25200.000 Z=200.000) RuntimeGrid:None EditorOnly:0 RuntimeOnly:0 HLODRelevant:1
 |- ContainerInstances:
 |- [+] MainContainer:
 |   |-        ID: 0x0000000000000000
 |   |-    Bounds: IsValid=false, Min=(X=0.000 Y=0.000 Z=0.000), Max=(X=0.000 Y=0.000 Z=0.000)
 |   |- Transform: 0.000000,0.000000,0.000000|0.000000,0.000000,-0.000000|1.000000,1.000000,1.000000
 |   |- Container: /Game/FirstPerson/Maps/FirstPersonMap
----------------------------------------------------------------------------------------------------------------
FirstPersonMap - Persistent Level
----------------------------------------------------------------------------------------------------------------
Always loaded Actor Count: 88 

----------------------------------------------------------------------------------------------------------------
FirstPersonMap - Runtime Spatial Hash - Streaming Grid - MainGrid
----------------------------------------------------------------------------------------------------------------
            Origin: X=0.000 Y=0.000 Z=0.000
         Cell Size: 12800
      World Bounds: IsValid=false, Min=(X=0.000 Y=0.000 Z=0.000), Max=(X=0.000 Y=0.000 Z=0.000)
     Loading Range: 25600.00
Block Slow Loading: No
 ClientOnlyVisible: No

[+] Grid Levels: 1
 |- Level  0: Cell Count    0 | Cell Size   12800 | Actor Count    0 (0.0%)

[+] Content of Grid Level 0

