[+] Containers:
 |- [+] Container: /Game/FirstPerson/Maps/FirstPersonMap
 |   |- [+] ActorDescs:
 |   |   |- Guid:014139064B272AE31FF877B819CB5734 BaseClass: NativeClass:/Script/Engine.StaticMeshActor Name:StaticMeshActor_8 Label:SM_ChamferCube3 SpatiallyLoaded:1 Bounds:IsValid=true, Min=(X=257.548 Y=2127.548 Z=0.063), Max=(X=462.452 Y=2332.452 Z=150.063) RuntimeGrid:None EditorOnly:0 RuntimeOnly:0 HLODRelevant:0 FolderPath:SimulatedCubes FolderGuid:9AEEADCB4DC6C647D6E7C0B4EDA1744F
 |   |   |- Guid:03E05BC34B5EC13DACF2CCAFECA0AA86 BaseClass: NativeClass:/Script/Engine.StaticMeshActor Name:StaticMeshActor_UAID_3024A994B200068001_1610244438 Label:SM_Castle_Wall14 SpatiallyLoaded:1 Bounds:IsValid=true, Min=(X=-6727.570 Y=-5341.485 Z=575.324), Max=(X=-5886.836 Y=-4470.647 Z=1737.993) RuntimeGrid:None EditorOnly:0 RuntimeOnly:0 HLODRelevant:1
 |   |   |- Guid:0600C75E4237459F6A1CFBA264273034 BaseClass: NativeClass:/Script/Engine.StaticMeshActor Name:StaticMeshActor_UAID_3024A994B200068001_1075326418 Label:SM_House_01 SpatiallyLoaded:1 Bounds:IsValid=true, Min=(X=-5472.453 Y=-3063.143 Z=-108.028), Max=(X=-3029.292 Y=331.421 Z=1852.588) RuntimeGrid:None EditorOnly:0 RuntimeOnly:0 HLODRelevant:1
 |   |   |- Guid:0B31CF814336661EDE9B029FF1F58E40 BaseClass: NativeClass:/Script/Landscape.LandscapeStreamingProxy Name:LandscapeStreamingProxy_AK898W3QFPBGU6UJ57CX4GWTH_126_0_1_0 Label:LandscapeStreamingProxy_0_1_0 SpatiallyLoaded:1 Bounds:IsValid=true, Min=(X=-25200.000 Y=-12600.000 Z=-160.000), Max=(X=-12600.000 Y=0.000 Z=4640.781) RuntimeGrid:None EditorOnly:0 RuntimeOnly:0 HLODRelevant:1
 |   |   |- Guid:0F937AA44047B93FBFECC383C32833B3 BaseClass: NativeClass:/Script/Engine.StaticMeshActor Name:StaticMeshActor_UAID_3024A994B200068001_1350024427 Label:SM_House_Passage SpatiallyLoaded:1 Bounds:IsValid=true, Min=(X=-4186.374 Y=-7016.382 Z=-86.650), Max=(X=-1530.447 Y=-5764.851 Z=1104.702) RuntimeGrid:None EditorOnly:0 RuntimeOnly:0 HLODRelevant:1
 |   |   |- Guid:14A09365475B44418CBE3BA7D134368D BaseClass: NativeClass:/Script/Landscape.Landscape Name:Landscape_UAID_3024A994B200008001_1495104329 Label:Landscape SpatiallyLoaded:0 Bounds:IsValid=true, Min=(X=-25200.000 Y=-25200.000 Z=-60.000), Max=(X=-25200.000 Y=-25200.000 Z=-60.000) RuntimeGrid:None EditorOnly:0 RuntimeOnly:0 HLODRelevant:0
 |   |   |- Guid:186DAE354AF90E0685D26A8EFD8863C5 BaseClass: NativeClass:/Script/Engine.StaticMeshActor Name:StaticMeshActor_UAID_3024A994B200068001_1259073425 Label:SM_House_02 SpatiallyLoaded:1 Bounds:IsValid=true, Min=(X=-1939.900 Y=-5672.581 Z=-90.372), Max=(X=-522.315 Y=-4176.912 Z=921.384) RuntimeGrid:None EditorOnly:0 RuntimeOnly:0 HLODRelevant:1
 |   |   |- Guid:2208696B488F257450BD558E6791268F BaseClass: NativeClass:/Script/Landscape.LandscapeStreamingProxy Name:LandscapeStreamingProxy_AK898W3QFPBGU6UJ57CX4GWTH_126_1_2_0 Label:LandscapeStreamingProxy_1_2_0 SpatiallyLoaded:1 Bounds:IsValid=true, Min=(X=-12600.000 Y=0.000 Z=-60.000), Max=(X=0.000 Y=12600.000 Z=4961.094) RuntimeGrid:None EditorOnly:0 RuntimeOnly:0 HLODRelevant:1
 |   |   |- Guid:2461310F4F501AE49A65A98388F92080 BaseClass: NativeClass:/Script/Engine.StaticMeshActor Name:StaticMeshActor_UAID_3024A994B200068001_1514667435 Label:SM_House_Barn SpatiallyLoaded:1 Bounds:IsValid=true, Min=(X=-6308.687 Y=-6478.939 Z=1659.315), Max=(X=-4968.064 Y=-5100.520 Z=2334.677) RuntimeGrid:None EditorOnly:0 RuntimeOnly:0 HLODRelevant:1
 |   |   |- Guid:262A73D04D133D707EAA0DB72BE05A94 BaseClass: NativeClass:/Script/Landscape.LandscapeStreamingProxy Name:LandscapeStreamingProxy_AK898W3QFPBGU6UJ57CX4GWTH_126_1_1_0 Label:LandscapeStreamingProxy_1_1_0 SpatiallyLoaded:1 Bounds:IsValid=true, Min=(X=-12600.000 Y=-12600.000 Z=-60.000), Max=(X=0.000 Y=0.000 Z=4888.438) RuntimeGrid:None EditorOnly:0 RuntimeOnly:0 HLODRelevant:1
 |   |   |- Guid:27639EA445AB251C0EA8709EE6C88C1A BaseClass: NativeClass:/Script/Engine.StaticMeshActor Name:StaticMeshActor_UAID_3024A994B200068001_1185075423 Label:SM_Castle_Wall4 SpatiallyLoaded:1 Bounds:IsValid=true, Min=(X=-6869.640 Y=-4876.889 Z=-55.858), Max=(X=-6010.422 Y=-4021.272 Z=874.277) RuntimeGrid:None EditorOnly:0 RuntimeOnly:0 HLODRelevant:1
 |   |   |- Guid:2A78EF094E089635A07B30AB9A046A81 BaseClass: NativeClass:/Script/Engine.StaticMeshActor Name:StaticMeshActor_47 Label:SM_ChamferCube13 SpatiallyLoaded:1 Bounds:IsValid=true, Min=(X=250.297 Y=3094.568 Z=100.013), Max=(X=391.180 Y=3235.451 Z=200.013) RuntimeGrid:None EditorOnly:0 RuntimeOnly:0 HLODRelevant:0 FolderPath:SimulatedCubes FolderGuid:9AEEADCB4DC6C647D6E7C0B4EDA1744F
 |   |   |- Guid:3423FE3C405BE5CBC08D8ABE97ACC4B8 BaseClass: NativeClass:/Script/Engine.StaticMeshActor Name:StaticMeshActor_UAID_3024A994B200068001_1433726434 Label:SM_Castle_Wall11 SpatiallyLoaded:1 Bounds:IsValid=true, Min=(X=-1907.799 Y=-6247.654 Z=-206.140), Max=(X=-1123.332 Y=-5358.046 Z=723.995) RuntimeGrid:None EditorOnly:0 RuntimeOnly:0 HLODRelevant:1
 |   |   |- Guid:373BCADC4E0B3E726ED494AC5627B351 BaseClass: NativeClass:/Script/Engine.StaticMeshActor Name:StaticMeshActor_40 Label:SM_ChamferCube8 SpatiallyLoaded:1 Bounds:IsValid=true, Min=(X=2313.116 Y=1273.116 Z=0.063), Max=(X=2486.884 Y=1446.884 Z=150.063) RuntimeGrid:None EditorOnly:0 RuntimeOnly:0 HLODRelevant:0 FolderPath:SimulatedCubes FolderGuid:9AEEADCB4DC6C647D6E7C0B4EDA1744F
 |   |   |- Guid:3C50085E48DC69EC93DEC3A4508761BF BaseClass: NativeClass:/Script/Engine.StaticMeshActor Name:StaticMeshActor_UAID_3024A994B200068001_1406842430 Label:SM_Castle_Wall7 SpatiallyLoaded:1 Bounds:IsValid=true, Min=(X=-5330.010 Y=-6167.106 Z=-55.858), Max=(X=-4533.741 Y=-5279.319 Z=874.277) RuntimeGrid:None EditorOnly:0 RuntimeOnly:0 HLODRelevant:1
 |   |   |- Guid:3C9480DD4EA25B564E690FB202964DA1 BaseClass: NativeClass:/Script/Engine.StaticMeshActor Name:StaticMeshActor_UAID_3024A994B200058001_1927618240 Label:SM_Bridge7 SpatiallyLoaded:1 Bounds:IsValid=true, Min=(X=-6717.362 Y=-5746.016 Z=2089.189), Max=(X=-5583.429 Y=-4579.603 Z=2455.305) RuntimeGrid:None EditorOnly:0 RuntimeOnly:0 HLODRelevant:1
 |   |   |- Guid:3CDD7BCF4666C22FACF07E97C3D8319D BaseClass: NativeClass:/Script/Engine.StaticMeshActor Name:StaticMeshActor_UAID_3024A994B200068001_1563317436 Label:SM_Castle_Wall12 SpatiallyLoaded:1 Bounds:IsValid=true, Min=(X=-6243.589 Y=-5889.679 Z=575.324), Max=(X=-5402.855 Y=-5018.840 Z=1737.993) RuntimeGrid:None EditorOnly:0 RuntimeOnly:0 HLODRelevant:1
 |   |   |- Guid:45D182E44AEDEF6739AC08BFDB194819 BaseClass: NativeClass:/Script/Engine.StaticMeshActor Name:StaticMeshActor_UAID_3024A994B200068001_1600659437 Label:SM_Castle_Wall13 SpatiallyLoaded:1 Bounds:IsValid=true, Min=(X=-5758.954 Y=-6438.612 Z=575.324), Max=(X=-4918.220 Y=-5567.773 Z=1737.993) RuntimeGrid:None EditorOnly:0 RuntimeOnly:0 HLODRelevant:1
 |   |   |- Guid:48D41F864D119EE8F770B79E117DBAF5 BaseClass: NativeClass:/Script/Landscape.LandscapeStreamingProxy Name:LandscapeStreamingProxy_AK898W3QFPBGU6UJ57CX4GWTH_126_2_3_0 Label:LandscapeStreamingProxy_2_3_0 SpatiallyLoaded:1 Bounds:IsValid=true, Min=(X=0.000 Y=12600.000 Z=-160.000), Max=(X=12600.000 Y=25200.000 Z=40.000) RuntimeGrid:None EditorOnly:0 RuntimeOnly:0 HLODRelevant:1
 |   |   |- Guid:503301344EDD2580C9B8269BA1FF0C83 BaseClass: NativeClass:/Script/Engine.StaticMeshActor Name:StaticMeshActor_29 Label:SM_ChamferCube4 SpatiallyLoaded:1 Bounds:IsValid=true, Min=(X=334.338 Y=334.338 Z=0.063), Max=(X=545.662 Y=545.662 Z=150.063) RuntimeGrid:None EditorOnly:0 RuntimeOnly:0 HLODRelevant:0 FolderPath:SimulatedCubes FolderGuid:9AEEADCB4DC6C647D6E7C0B4EDA1744F
 |   |   |- Guid:50A7D86E485FD031F02B99B39E6E59BC BaseClass: NativeClass:/Script/Engine.StaticMeshActor Name:StaticMeshActor_UAID_3024A994B200068001_1424308433 Label:SM_Castle_Wall10 SpatiallyLoaded:1 Bounds:IsValid=true, Min=(X=-4112.600 Y=-7963.854 Z=-55.858), Max=(X=-3316.330 Y=-7076.067 Z=874.277) RuntimeGrid:None EditorOnly:0 RuntimeOnly:0 HLODRelevant:1
 |   |   |- Guid:52B607174B3CD89CBD5403A124696E1B BaseClass: NativeClass:/Script/Landscape.LandscapeStreamingProxy Name:LandscapeStreamingProxy_AK898W3QFPBGU6UJ57CX4GWTH_126_0_0_0 Label:LandscapeStreamingProxy_0_0_0 SpatiallyLoaded:1 Bounds:IsValid=true, Min=(X=-25200.000 Y=-25200.000 Z=-160.000), Max=(X=-12600.000 Y=-12600.000 Z=40.000) RuntimeGrid:None EditorOnly:0 RuntimeOnly:0 HLODRelevant:1
 |   |   |- Guid:573177074D0ADB4DA9A357AE2A5CADA8 BaseClass: NativeClass:/Script/Engine.StaticMeshActor Name:StaticMeshActor_49 Label:SM_ChamferCube14 SpatiallyLoaded:1 Bounds:IsValid=true, Min=(X=2480.411 Y=2302.371 Z=0.013), Max=(X=2580.411 Y=2402.371 Z=100.013) RuntimeGrid:None EditorOnly:0 RuntimeOnly:0 HLODRelevant:0 FolderPath:SimulatedCubes FolderGuid:9AEEADCB4DC6C647D6E7C0B4EDA1744F
 |   |   |- Guid:5CCA46864AE003F64BCDF495A3ED4BDE BaseClass: NativeClass:/Script/Engine.StaticMeshActor Name:StaticMeshActor_UAID_3024A994B200058001_1905793239 Label:SM_Bridge6 SpatiallyLoaded:1 Bounds:IsValid=true, Min=(X=-7110.041 Y=-5297.846 Z=2076.584), Max=(X=-5976.108 Y=-4131.433 Z=2442.700) RuntimeGrid:None EditorOnly:0 RuntimeOnly:0 HLODRelevant:1
 |   |   |- Guid:5CEF958D420EABEE232027B7BF9A511B BaseClass: NativeClass:/Script/Engine.StaticMeshActor Name:StaticMeshActor_UAID_3024A994B200058001_1355494229 Label:SM_Bush_04 SpatiallyLoaded:1 Bounds:IsValid=true, Min=(X=-9556.002 Y=-4292.731 Z=2484.576), Max=(X=-9234.019 Y=-3997.990 Z=2717.053) RuntimeGrid:None EditorOnly:0 RuntimeOnly:0 HLODRelevant:1
 |   |   |- Guid:5FE7584649BB6F09265329A6C57CFD0D BaseClass: NativeClass:/Script/Engine.VolumetricCloud Name:VolumetricCloud_0 Label:VolumetricCloud SpatiallyLoaded:0 Bounds:IsValid=true, Min=(X=0.000 Y=0.000 Z=820.000), Max=(X=0.000 Y=0.000 Z=820.000) RuntimeGrid:None EditorOnly:0 RuntimeOnly:0 HLODRelevant:0 FolderPath:Lighting FolderGuid:0BA5F0A04EADB18E70D5B180D08FA34B
 |   |   |- Guid:61391D344900612A77DFC3BA3E354907 BaseClass: NativeClass:/Script/Engine.ExponentialHeightFog Name:ExponentialHeightFog_0 Label:ExponentialHeightFog SpatiallyLoaded:0 Bounds:IsValid=true, Min=(X=-5600.000 Y=-50.000 Z=-6850.000), Max=(X=-5600.000 Y=-50.000 Z=-6850.000) RuntimeGrid:None EditorOnly:0 RuntimeOnly:0 HLODRelevant:0 FolderPath:Lighting FolderGuid:0BA5F0A04EADB18E70D5B180D08FA34B
 |   |   |- Guid:6B9F7C52434CCF99C7551893412C2C21 BaseClass: NativeClass:/Script/Engine.StaticMeshActor Name:StaticMeshActor_51 Label:SM_ChamferCube16 SpatiallyLoaded:1 Bounds:IsValid=true, Min=(X=2480.411 Y=2247.371 Z=100.013), Max=(X=2580.411 Y=2347.371 Z=200.013) RuntimeGrid:None EditorOnly:0 RuntimeOnly:0 HLODRelevant:0 FolderPath:SimulatedCubes FolderGuid:9AEEADCB4DC6C647D6E7C0B4EDA1744F
 |   |   |- Guid:6FEFB3BD4EB37B849EF0D4AC80F83855 BaseClass: NativeClass:/Script/Engine.WorldDataLayers Name:WorldDataLayers Label:WorldDataLayers SpatiallyLoaded:0 Bounds:IsValid=true, Min=(X=0.000 Y=0.000 Z=0.000), Max=(X=0.000 Y=0.000 Z=0.000) RuntimeGrid:None EditorOnly:0 RuntimeOnly:0 HLODRelevant:0
 |   |   |- Guid:764666EF4316C7851F06859A678454F2 BaseClass: NativeClass:/Script/Engine.StaticMeshActor Name:StaticMeshActor_46 Label:SM_ChamferCube12 SpatiallyLoaded:1 Bounds:IsValid=true, Min=(X=204.335 Y=3056.000 Z=0.013), Max=(X=345.218 Y=3196.884 Z=100.013) RuntimeGrid:None EditorOnly:0 RuntimeOnly:0 HLODRelevant:0 FolderPath:SimulatedCubes FolderGuid:9AEEADCB4DC6C647D6E7C0B4EDA1744F
 |   |   |- Guid:7773B5864063D0AB21257F97A90D7E2F BaseClass: NativeClass:/Script/Landscape.LandscapeStreamingProxy Name:LandscapeStreamingProxy_AK898W3QFPBGU6UJ57CX4GWTH_126_0_2_0 Label:LandscapeStreamingProxy_0_2_0 SpatiallyLoaded:1 Bounds:IsValid=true, Min=(X=-25200.000 Y=0.000 Z=-160.000), Max=(X=-12600.000 Y=12600.000 Z=3530.625) RuntimeGrid:None EditorOnly:0 RuntimeOnly:0 HLODRelevant:1
 |   |   |- Guid:78907B824E304E162A9A02B9095F1FA1 BaseClass: NativeClass:/Script/Engine.StaticMeshActor Name:StaticMeshActor_43 Label:SM_ChamferCube9 SpatiallyLoaded:1 Bounds:IsValid=true, Min=(X=1191.292 Y=329.199 Z=0.013), Max=(X=1327.894 Y=465.801 Z=100.013) RuntimeGrid:None EditorOnly:0 RuntimeOnly:0 HLODRelevant:0 FolderPath:SimulatedCubes FolderGuid:9AEEADCB4DC6C647D6E7C0B4EDA1744F
 |   |   |- Guid:7DCFF2144714F0843D87428AC48CE4F4 BaseClass: NativeClass:/Script/Engine.StaticMeshActor Name:StaticMeshActor_24 Label:SM_ChamferCube17 SpatiallyLoaded:1 Bounds:IsValid=true, Min=(X=364.319 Y=1244.901 Z=0.013), Max=(X=492.491 Y=1373.073 Z=100.013) RuntimeGrid:None EditorOnly:0 RuntimeOnly:0 HLODRelevant:0 FolderPath:SimulatedCubes FolderGuid:9AEEADCB4DC6C647D6E7C0B4EDA1744F
 |   |   |- Guid:7F659FE743F72156189B008F39699C2E BaseClass: NativeClass:/Script/Engine.StaticMeshActor Name:StaticMeshActor_UAID_3024A994B200068001_1419835432 Label:SM_Castle_Wall9 SpatiallyLoaded:1 Bounds:IsValid=true, Min=(X=-4493.824 Y=-7401.214 Z=-55.858), Max=(X=-3697.554 Y=-6513.427 Z=874.277) RuntimeGrid:None EditorOnly:0 RuntimeOnly:0 HLODRelevant:1
 |   |   |- Guid:7FC7E63046326AB191BBB5B7953D6120 BaseClass: NativeClass:/Script/Landscape.LandscapeStreamingProxy Name:LandscapeStreamingProxy_AK898W3QFPBGU6UJ57CX4GWTH_126_3_2_0 Label:LandscapeStreamingProxy_3_2_0 SpatiallyLoaded:1 Bounds:IsValid=true, Min=(X=12600.000 Y=0.000 Z=-160.000), Max=(X=25200.000 Y=12600.000 Z=2413.438) RuntimeGrid:None EditorOnly:0 RuntimeOnly:0 HLODRelevant:1
 |   |   |- Guid:8588625845BB8A310C9C98BA0FCFF3E0 BaseClass: NativeClass:/Script/Engine.StaticMeshActor Name:StaticMeshActor_UAID_3024A994B200058001_1592603236 Label:SM_Bridge3 SpatiallyLoaded:1 Bounds:IsValid=true, Min=(X=-9418.198 Y=-3630.896 Z=2075.177), Max=(X=-8241.713 Y=-2587.369 Z=2441.293) RuntimeGrid:None EditorOnly:0 RuntimeOnly:0 HLODRelevant:1
 |   |   |- Guid:864007B7468E1B21AC803DA57F01F650 BaseClass: NativeClass:/Script/Landscape.LandscapeStreamingProxy Name:LandscapeStreamingProxy_AK898W3QFPBGU6UJ57CX4GWTH_126_3_3_0 Label:LandscapeStreamingProxy_3_3_0 SpatiallyLoaded:1 Bounds:IsValid=true, Min=(X=12600.000 Y=12600.000 Z=-160.000), Max=(X=25200.000 Y=25200.000 Z=40.000) RuntimeGrid:None EditorOnly:0 RuntimeOnly:0 HLODRelevant:1
 |   |   |- Guid:88B69F3646812B27BB662FAFAFB06DE6 BaseClass: NativeClass:/Script/Engine.StaticMeshActor Name:StaticMeshActor_UAID_3024A994B200068001_1176824421 Label:SM_Castle_Wall2 SpatiallyLoaded:1 Bounds:IsValid=true, Min=(X=-5801.487 Y=-3824.483 Z=-55.858), Max=(X=-4942.270 Y=-2968.866 Z=874.277) RuntimeGrid:None EditorOnly:0 RuntimeOnly:0 HLODRelevant:1
 |   |   |- Guid:8A4E9D5644EA86B30704BF926D36B064 BaseClass: NativeClass:/Script/Engine.StaticMeshActor Name:StaticMeshActor_UAID_3024A994B200068001_1182143422 Label:SM_Castle_Wall3 SpatiallyLoaded:1 Bounds:IsValid=true, Min=(X=-6337.654 Y=-4352.746 Z=-55.858), Max=(X=-5478.436 Y=-3497.128 Z=874.277) RuntimeGrid:None EditorOnly:0 RuntimeOnly:0 HLODRelevant:1
 |   |   |- Guid:8BDE6C5A41E14BF9AC9C6E9230E437ED BaseClass: NativeClass:/Script/Engine.StaticMeshActor Name:StaticMeshActor_UAID_3024A994B200058001_1589071235 Label:SM_Bridge2 SpatiallyLoaded:1 Bounds:IsValid=true, Min=(X=-8917.853 Y=-3912.386 Z=2075.177), Max=(X=-7741.368 Y=-2868.860 Z=2441.293) RuntimeGrid:None EditorOnly:0 RuntimeOnly:0 HLODRelevant:1
 |   |   |- Guid:8E9EA0F84D0FC901D6ABCF911C08AEE3 BaseClass: NativeClass:/Script/Engine.StaticMeshActor Name:StaticMeshActor_50 Label:SM_ChamferCube15 SpatiallyLoaded:1 Bounds:IsValid=true, Min=(X=2480.411 Y=2187.371 Z=0.013), Max=(X=2580.411 Y=2287.371 Z=100.013) RuntimeGrid:None EditorOnly:0 RuntimeOnly:0 HLODRelevant:0 FolderPath:SimulatedCubes FolderGuid:9AEEADCB4DC6C647D6E7C0B4EDA1744F
 |   |   |- Guid:96E037D84F68126C6AD18BBF53818046 BaseClass: NativeClass:/Script/Engine.StaticMeshActor Name:StaticMeshActor_UAID_3024A994B200068001_1401818429 Label:SM_Castle_Wall6 SpatiallyLoaded:1 Bounds:IsValid=true, Min=(X=-5735.983 Y=-5567.940 Z=-55.858), Max=(X=-4939.713 Y=-4680.153 Z=874.277) RuntimeGrid:None EditorOnly:0 RuntimeOnly:0 HLODRelevant:1
 |   |   |- Guid:9ACDB2AE4C077EB0167FA59369A45B99 BaseClass: NativeClass:/Script/Engine.StaticMeshActor Name:StaticMeshActor_UAID_3024A994B200058001_1254220227 Label:SM_Tree_01 SpatiallyLoaded:1 Bounds:IsValid=true, Min=(X=-11608.112 Y=-5627.082 Z=2499.885), Max=(X=-10538.070 Y=-4943.934 Z=3355.044) RuntimeGrid:None EditorOnly:0 RuntimeOnly:0 HLODRelevant:1
 |   |   |- Guid:9D90976E4976AFCB39984F9BEDAC6A4F BaseClass: NativeClass:/Script/Landscape.LandscapeStreamingProxy Name:LandscapeStreamingProxy_AK898W3QFPBGU6UJ57CX4GWTH_126_1_0_0 Label:LandscapeStreamingProxy_1_0_0 SpatiallyLoaded:1 Bounds:IsValid=true, Min=(X=-12600.000 Y=-25200.000 Z=-160.000), Max=(X=0.000 Y=-12600.000 Z=955.625) RuntimeGrid:None EditorOnly:0 RuntimeOnly:0 HLODRelevant:1
 |   |   |- Guid:A0F120BE4CEC832B8477E1A070960203 BaseClass: NativeClass:/Script/Engine.StaticMeshActor Name:StaticMeshActor_UAID_3024A994B200058001_1687577237 Label:SM_Bridge4 SpatiallyLoaded:1 Bounds:IsValid=true, Min=(X=-7909.597 Y=-4479.624 Z=2075.177), Max=(X=-6733.112 Y=-3436.097 Z=2441.293) RuntimeGrid:None EditorOnly:0 RuntimeOnly:0 HLODRelevant:1
 |   |   |- Guid:A2B579D048D1A2C094694F93C4EF0E99 BaseClass: NativeClass:/Script/Engine.StaticMeshActor Name:StaticMeshActor_UAID_3024A994B200058001_1706814238 Label:SM_Bridge5 SpatiallyLoaded:1 Bounds:IsValid=true, Min=(X=-7496.661 Y=-4856.593 Z=2080.259), Max=(X=-6362.728 Y=-3690.180 Z=2446.375) RuntimeGrid:None EditorOnly:0 RuntimeOnly:0 HLODRelevant:1
 |   |   |- Guid:A354B1B24E617A525DC6B48CCDE2417E BaseClass: NativeClass:/Script/Engine.PlayerStart Name:PlayerStart_0 Label:PlayerStart SpatiallyLoaded:0 Bounds:IsValid=true, Min=(X=-10884.592 Y=-3494.433 Z=2221.584), Max=(X=-10804.592 Y=-3414.433 Z=2405.584) RuntimeGrid:None EditorOnly:0 RuntimeOnly:0 HLODRelevant:0
 |   |   |- Guid:B0718D6846706384220C03973177EDC1 BaseClass: NativeClass:/Script/Engine.StaticMeshActor Name:StaticMeshActor_44 Label:SM_ChamferCube10 SpatiallyLoaded:1 Bounds:IsValid=true, Min=(X=1157.631 Y=317.500 Z=100.013), Max=(X=1257.631 Y=417.500 Z=200.013) RuntimeGrid:None EditorOnly:0 RuntimeOnly:0 HLODRelevant:0 FolderPath:SimulatedCubes FolderGuid:9AEEADCB4DC6C647D6E7C0B4EDA1744F
 |   |   |- Guid:B6A3429E46B8EA15797BF9B75203F89E BaseClass: NativeClass:/Script/Engine.StaticMeshActor Name:StaticMeshActor_UAID_3024A994B200068001_1387100428 Label:SM_Castle_Wall5 SpatiallyLoaded:1 Bounds:IsValid=true, Min=(X=-6146.397 Y=-4962.219 Z=-55.858), Max=(X=-5350.127 Y=-4074.433 Z=874.277) RuntimeGrid:None EditorOnly:0 RuntimeOnly:0 HLODRelevant:1
 |   |   |- Guid:C042A3054CA2287ACB1ABA9D13F8F864 BaseClass: NativeClass:/Script/Engine.StaticMeshActor Name:StaticMeshActor_UAID_3024A994B200068001_1210535424 Label:SM_House_Tower SpatiallyLoaded:1 Bounds:IsValid=true, Min=(X=-6712.611 Y=-4690.458 Z=151.925), Max=(X=-5045.645 Y=-2993.058 Z=2026.212) RuntimeGrid:None EditorOnly:0 RuntimeOnly:0 HLODRelevant:1
 |   |   |- Guid:C0C56B9644AE3D40CAFF6A878DB29844 BaseClass: NativeClass:/Script/Engine.StaticMeshActor Name:StaticMeshActor_UAID_A4AE111137DC5EFB00_2001720423 Label:SM_SkySphere SpatiallyLoaded:0 Bounds:IsValid=true, Min=(X=-1638400.000 Y=-1638400.000 Z=-1638400.000), Max=(X=1638400.000 Y=1638400.000 Z=1638400.000) RuntimeGrid:None EditorOnly:0 RuntimeOnly:0 HLODRelevant:1 FolderPath:Lighting FolderGuid:0BA5F0A04EADB18E70D5B180D08FA34B
 |   |   |- Guid:C1AF367047F45173665F749064BD6E10 BaseClass: NativeClass:/Script/Engine.StaticMeshActor Name:StaticMeshActor_UAID_3024A994B200058001_1530646233 Label:SM_Bridge SpatiallyLoaded:1 Bounds:IsValid=true, Min=(X=-8415.881 Y=-4194.792 Z=2075.177), Max=(X=-7239.395 Y=-3151.265 Z=2441.293) RuntimeGrid:None EditorOnly:0 RuntimeOnly:0 HLODRelevant:1
 |   |   |- Guid:C22CE07C4B87D685137FDBBC10FC92C6 BaseClass: NativeClass:/Script/Engine.SkyAtmosphere Name:SkyAtmosphere_0 Label:SkyAtmosphere SpatiallyLoaded:0 Bounds:IsValid=true, Min=(X=0.000 Y=0.000 Z=1020.000), Max=(X=0.000 Y=0.000 Z=1020.000) RuntimeGrid:None EditorOnly:0 RuntimeOnly:0 HLODRelevant:0 FolderPath:Lighting FolderGuid:0BA5F0A04EADB18E70D5B180D08FA34B
 |   |   |- Guid:C4CA97A14DBE2CB27CC819AB5846140C BaseClass: NativeClass:/Script/Engine.StaticMeshActor Name:StaticMeshActor_UAID_3024A994B200068001_1410422431 Label:SM_Castle_Wall8 SpatiallyLoaded:1 Bounds:IsValid=true, Min=(X=-4909.615 Y=-6787.557 Z=-55.858), Max=(X=-4113.345 Y=-5899.771 Z=874.277) RuntimeGrid:None EditorOnly:0 RuntimeOnly:0 HLODRelevant:1
 |   |   |- Guid:CE8D82634660FCDB3120E2B8D547C533 BaseClass: NativeClass:/Script/Engine.PostProcessVolume Name:PostProcessVolume_0 Label:PostProcessVolume SpatiallyLoaded:0 Bounds:IsValid=true, Min=(X=0.000 Y=0.000 Z=400.000), Max=(X=200.000 Y=200.000 Z=600.000) RuntimeGrid:None EditorOnly:0 RuntimeOnly:0 HLODRelevant:0 FolderPath:Lighting FolderGuid:0BA5F0A04EADB18E70D5B180D08FA34B
 |   |   |- Guid:D220979541BA67D87D3726B5282B5E4D BaseClass: NativeClass:/Script/Landscape.LandscapeStreamingProxy Name:LandscapeStreamingProxy_AK898W3QFPBGU6UJ57CX4GWTH_126_2_0_0 Label:LandscapeStreamingProxy_2_0_0 SpatiallyLoaded:1 Bounds:IsValid=true, Min=(X=0.000 Y=-25200.000 Z=-160.000), Max=(X=12600.000 Y=-12600.000 Z=705.625) RuntimeGrid:None EditorOnly:0 RuntimeOnly:0 HLODRelevant:1
 |   |   |- Guid:D2F28061422F1A22A4484A86F578605A BaseClass: NativeClass:/Script/Landscape.LandscapeStreamingProxy Name:LandscapeStreamingProxy_AK898W3QFPBGU6UJ57CX4GWTH_126_2_1_0 Label:LandscapeStreamingProxy_2_1_0 SpatiallyLoaded:1 Bounds:IsValid=true, Min=(X=0.000 Y=-12600.000 Z=-60.000), Max=(X=12600.000 Y=0.000 Z=4525.156) RuntimeGrid:None EditorOnly:0 RuntimeOnly:0 HLODRelevant:1
 |   |   |- Guid:D44940D943955A5965276FBBEA044017 BaseClass: NativeClass:/Script/Engine.StaticMeshActor Name:StaticMeshActor_20 Label:SM_ChamferCube2 SpatiallyLoaded:1 Bounds:IsValid=true, Min=(X=324.987 Y=1136.837 Z=0.013), Max=(X=453.158 Y=1265.008 Z=100.013) RuntimeGrid:None EditorOnly:0 RuntimeOnly:0 HLODRelevant:0 FolderPath:SimulatedCubes FolderGuid:9AEEADCB4DC6C647D6E7C0B4EDA1744F
 |   |   |- Guid:D65CE26D4543AB64D3E1CE82A79B39D9 BaseClass: NativeClass:/Script/Engine.StaticMeshActor Name:StaticMeshActor_45 Label:SM_ChamferCube11 SpatiallyLoaded:1 Bounds:IsValid=true, Min=(X=292.430 Y=3129.921 Z=0.013), Max=(X=433.313 Y=3270.804 Z=100.013) RuntimeGrid:None EditorOnly:0 RuntimeOnly:0 HLODRelevant:0 FolderPath:SimulatedCubes FolderGuid:9AEEADCB4DC6C647D6E7C0B4EDA1744F
 |   |   |- Guid:D935740A490176EB4702AF96F92450E8 BaseClass: NativeClass:/Script/Engine.StaticMeshActor Name:StaticMeshActor_38 Label:SM_ChamferCube18 SpatiallyLoaded:1 Bounds:IsValid=true, Min=(X=343.798 Y=1188.520 Z=100.013), Max=(X=471.969 Y=1316.691 Z=200.013) RuntimeGrid:None EditorOnly:0 RuntimeOnly:0 HLODRelevant:0 FolderPath:SimulatedCubes FolderGuid:9AEEADCB4DC6C647D6E7C0B4EDA1744F
 |   |   |- Guid:DC815DE749CF1FC288B31D80742D4C80 BaseClass: NativeClass:/Script/Landscape.LandscapeStreamingProxy Name:LandscapeStreamingProxy_AK898W3QFPBGU6UJ57CX4GWTH_126_0_3_0 Label:LandscapeStreamingProxy_0_3_0 SpatiallyLoaded:1 Bounds:IsValid=true, Min=(X=-25200.000 Y=12600.000 Z=-160.000), Max=(X=-12600.000 Y=25200.000 Z=40.000) RuntimeGrid:None EditorOnly:0 RuntimeOnly:0 HLODRelevant:1
 |   |   |- Guid:DF498ACF433B72A1CE280684D00FB8BA BaseClass: NativeClass:/Script/Landscape.LandscapeStreamingProxy Name:LandscapeStreamingProxy_AK898W3QFPBGU6UJ57CX4GWTH_126_2_2_0 Label:LandscapeStreamingProxy_2_2_0 SpatiallyLoaded:1 Bounds:IsValid=true, Min=(X=0.000 Y=0.000 Z=-60.000), Max=(X=12600.000 Y=12600.000 Z=3171.250) RuntimeGrid:None EditorOnly:0 RuntimeOnly:0 HLODRelevant:1
 |   |   |- Guid:E051597541B4C998010633A0C1018139 BaseClass: NativeClass:/Script/Engine.StaticMeshActor Name:StaticMeshActor_30 Label:SM_ChamferCube5 SpatiallyLoaded:1 Bounds:IsValid=true, Min=(X=1765.431 Y=2937.543 Z=0.063), Max=(X=1976.756 Y=3148.868 Z=150.063) RuntimeGrid:None EditorOnly:0 RuntimeOnly:0 HLODRelevant:0 FolderPath:SimulatedCubes FolderGuid:9AEEADCB4DC6C647D6E7C0B4EDA1744F
 |   |   |- Guid:E5320C1B4FD9764CE7B54D8487AEC613 BaseClass: NativeClass:/Script/Engine.SkyLight Name:SkyLight_0 Label:SkyLight SpatiallyLoaded:0 Bounds:IsValid=true, Min=(X=0.000 Y=0.000 Z=690.000), Max=(X=0.000 Y=0.000 Z=690.000) RuntimeGrid:None EditorOnly:0 RuntimeOnly:0 HLODRelevant:0 FolderPath:Lighting FolderGuid:0BA5F0A04EADB18E70D5B180D08FA34B
 |   |   |- Guid:EE66F4454A4A9F99393F559AB739C05E BaseClass:/Game/FirstPerson/Blueprints/BP_Pickup_Rifle.BP_Pickup_Rifle_C NativeClass:/Script/Engine.Actor Name:BP_Rifle_C_1 Label:BP_Pickup_Rifle SpatiallyLoaded:1 Bounds:IsValid=true, Min=(X=-9337.997 Y=-3064.133 Z=2291.102), Max=(X=-9273.997 Y=-2974.693 Z=2355.102) RuntimeGrid:None EditorOnly:0 RuntimeOnly:0 HLODRelevant:0
 |   |   |- Guid:F23ABA114484DF3F39565CA8D94C7D36 BaseClass: NativeClass:/Script/Engine.StaticMeshActor Name:StaticMeshActor_UAID_3024A994B200068001_1299260426 Label:SM_Shrine SpatiallyLoaded:1 Bounds:IsValid=true, Min=(X=-2040.246 Y=-1990.352 Z=150.533), Max=(X=-1531.570 Y=-1495.660 Z=928.005) RuntimeGrid:None EditorOnly:0 RuntimeOnly:0 HLODRelevant:1
 |   |   |- Guid:F47665BA40313CE720324B939311E452 BaseClass: NativeClass:/Script/Landscape.LandscapeStreamingProxy Name:LandscapeStreamingProxy_AK898W3QFPBGU6UJ57CX4GWTH_126_3_0_0 Label:LandscapeStreamingProxy_3_0_0 SpatiallyLoaded:1 Bounds:IsValid=true, Min=(X=12600.000 Y=-25200.000 Z=-160.000), Max=(X=25200.000 Y=-12600.000 Z=189.219) RuntimeGrid:None EditorOnly:0 RuntimeOnly:0 HLODRelevant:1
 |   |   |- Guid:F7445C254D944A292BEA269A236370BA BaseClass: NativeClass:/Script/Landscape.LandscapeStreamingProxy Name:LandscapeStreamingProxy_AK898W3QFPBGU6UJ57CX4GWTH_126_1_3_0 Label:LandscapeStreamingProxy_1_3_0 SpatiallyLoaded:1 Bounds:IsValid=true, Min=(X=-12600.000 Y=12600.000 Z=-160.000), Max=(X=0.000 Y=25200.000 Z=40.000) RuntimeGrid:None EditorOnly:0 RuntimeOnly:0 HLODRelevant:1
 |   |   |- Guid:F80621C9446867154938FE81375207DA BaseClass: NativeClass:/Script/Engine.DirectionalLight Name:DirectionalLight_1 Label:DirectionalLight SpatiallyLoaded:0 Bounds:IsValid=true, Min=(X=-1048576.000 Y=-1048576.000 Z=-1048576.000), Max=(X=1048576.000 Y=1048576.000 Z=1048576.000) RuntimeGrid:None EditorOnly:0 RuntimeOnly:0 HLODRelevant:0 FolderPath:Lighting FolderGuid:0BA5F0A04EADB18E70D5B180D08FA34B
 |   |   |- Guid:FB91C4D74E460A3933D2DF92E6E93B5D BaseClass: NativeClass:/Script/Engine.StaticMeshActor Name:StaticMeshActor_UAID_3024A994B200068001_1156284420 Label:SM_Castle_Wall SpatiallyLoaded:1 Bounds:IsValid=true, Min=(X=-5284.695 Y=-3315.310 Z=-55.858), Max=(X=-4425.478 Y=-2459.692 Z=874.277) RuntimeGrid:None EditorOnly:0 RuntimeOnly:0 HLODRelevant:1
 |   |   |- Guid:FBA4B82147F73EA63ED004A489FCAC48 BaseClass: NativeClass:/Script/Landscape.LandscapeStreamingProxy Name:LandscapeStreamingProxy_AK898W3QFPBGU6UJ57CX4GWTH_126_3_1_0 Label:LandscapeStreamingProxy_3_1_0 SpatiallyLoaded:1 Bounds:IsValid=true, Min=(X=12600.000 Y=-12600.000 Z=-160.000), Max=(X=25200.000 Y=0.000 Z=3467.344) RuntimeGrid:None EditorOnly:0 RuntimeOnly:0 HLODRelevant:1
 |   |   |- Guid:FE369CF94A071F9176E524A237CA92AA BaseClass: NativeClass:/Script/Engine.StaticMeshActor Name:StaticMeshActor_1 Label:SM_ChamferCube SpatiallyLoaded:1 Bounds:IsValid=true, Min=(X=1100.000 Y=500.000 Z=0.013), Max=(X=1200.000 Y=600.000 Z=100.013) RuntimeGrid:None EditorOnly:0 RuntimeOnly:0 HLODRelevant:0 FolderPath:SimulatedCubes FolderGuid:9AEEADCB4DC6C647D6E7C0B4EDA1744F
 |   |- [+] Clusters:
 |   |   |- [+] [  0]
 |   |   |   |- Guid:61391D344900612A77DFC3BA3E354907 BaseClass: NativeClass:/Script/Engine.ExponentialHeightFog Name:ExponentialHeightFog_0 Label:ExponentialHeightFog SpatiallyLoaded:0 Bounds:IsValid=true, Min=(X=-5600.000 Y=-50.000 Z=-6850.000), Max=(X=-5600.000 Y=-50.000 Z=-6850.000) RuntimeGrid:None EditorOnly:0 RuntimeOnly:0 HLODRelevant:0 FolderPath:Lighting FolderGuid:0BA5F0A04EADB18E70D5B180D08FA34B
 |   |   |- [+] [  1]
 |   |   |   |- Guid:5FE7584649BB6F09265329A6C57CFD0D BaseClass: NativeClass:/Script/Engine.VolumetricCloud Name:VolumetricCloud_0 Label:VolumetricCloud SpatiallyLoaded:0 Bounds:IsValid=true, Min=(X=0.000 Y=0.000 Z=820.000), Max=(X=0.000 Y=0.000 Z=820.000) RuntimeGrid:None EditorOnly:0 RuntimeOnly:0 HLODRelevant:0 FolderPath:Lighting FolderGuid:0BA5F0A04EADB18E70D5B180D08FA34B
 |   |   |- [+] [  2]
 |   |   |   |- Guid:D65CE26D4543AB64D3E1CE82A79B39D9 BaseClass: NativeClass:/Script/Engine.StaticMeshActor Name:StaticMeshActor_45 Label:SM_ChamferCube11 SpatiallyLoaded:1 Bounds:IsValid=true, Min=(X=292.430 Y=3129.921 Z=0.013), Max=(X=433.313 Y=3270.804 Z=100.013) RuntimeGrid:None EditorOnly:0 RuntimeOnly:0 HLODRelevant:0 FolderPath:SimulatedCubes FolderGuid:9AEEADCB4DC6C647D6E7C0B4EDA1744F
 |   |   |- [+] [  3]
 |   |   |   |- Guid:F80621C9446867154938FE81375207DA BaseClass: NativeClass:/Script/Engine.DirectionalLight Name:DirectionalLight_1 Label:DirectionalLight SpatiallyLoaded:0 Bounds:IsValid=true, Min=(X=-1048576.000 Y=-1048576.000 Z=-1048576.000), Max=(X=1048576.000 Y=1048576.000 Z=1048576.000) RuntimeGrid:None EditorOnly:0 RuntimeOnly:0 HLODRelevant:0 FolderPath:Lighting FolderGuid:0BA5F0A04EADB18E70D5B180D08FA34B
 |   |   |- [+] [  4]
 |   |   |   |- Guid:373BCADC4E0B3E726ED494AC5627B351 BaseClass: NativeClass:/Script/Engine.StaticMeshActor Name:StaticMeshActor_40 Label:SM_ChamferCube8 SpatiallyLoaded:1 Bounds:IsValid=true, Min=(X=2313.116 Y=1273.116 Z=0.063), Max=(X=2486.884 Y=1446.884 Z=150.063) RuntimeGrid:None EditorOnly:0 RuntimeOnly:0 HLODRelevant:0 FolderPath:SimulatedCubes FolderGuid:9AEEADCB4DC6C647D6E7C0B4EDA1744F
 |   |   |- [+] [  5]
 |   |   |   |- Guid:8E9EA0F84D0FC901D6ABCF911C08AEE3 BaseClass: NativeClass:/Script/Engine.StaticMeshActor Name:StaticMeshActor_50 Label:SM_ChamferCube15 SpatiallyLoaded:1 Bounds:IsValid=true, Min=(X=2480.411 Y=2187.371 Z=0.013), Max=(X=2580.411 Y=2287.371 Z=100.013) RuntimeGrid:None EditorOnly:0 RuntimeOnly:0 HLODRelevant:0 FolderPath:SimulatedCubes FolderGuid:9AEEADCB4DC6C647D6E7C0B4EDA1744F
 |   |   |- [+] [  6]
 |   |   |   |- Guid:FE369CF94A071F9176E524A237CA92AA BaseClass: NativeClass:/Script/Engine.StaticMeshActor Name:StaticMeshActor_1 Label:SM_ChamferCube SpatiallyLoaded:1 Bounds:IsValid=true, Min=(X=1100.000 Y=500.000 Z=0.013), Max=(X=1200.000 Y=600.000 Z=100.013) RuntimeGrid:None EditorOnly:0 RuntimeOnly:0 HLODRelevant:0 FolderPath:SimulatedCubes FolderGuid:9AEEADCB4DC6C647D6E7C0B4EDA1744F
 |   |   |- [+] [  7]
 |   |   |   |- Guid:2A78EF094E089635A07B30AB9A046A81 BaseClass: NativeClass:/Script/Engine.StaticMeshActor Name:StaticMeshActor_47 Label:SM_ChamferCube13 SpatiallyLoaded:1 Bounds:IsValid=true, Min=(X=250.297 Y=3094.568 Z=100.013), Max=(X=391.180 Y=3235.451 Z=200.013) RuntimeGrid:None EditorOnly:0 RuntimeOnly:0 HLODRelevant:0 FolderPath:SimulatedCubes FolderGuid:9AEEADCB4DC6C647D6E7C0B4EDA1744F
 |   |   |- [+] [  8]
 |   |   |   |- Guid:7DCFF2144714F0843D87428AC48CE4F4 BaseClass: NativeClass:/Script/Engine.StaticMeshActor Name:StaticMeshActor_24 Label:SM_ChamferCube17 SpatiallyLoaded:1 Bounds:IsValid=true, Min=(X=364.319 Y=1244.901 Z=0.013), Max=(X=492.491 Y=1373.073 Z=100.013) RuntimeGrid:None EditorOnly:0 RuntimeOnly:0 HLODRelevant:0 FolderPath:SimulatedCubes FolderGuid:9AEEADCB4DC6C647D6E7C0B4EDA1744F
 |   |   |- [+] [  9]
 |   |   |   |- Guid:EE66F4454A4A9F99393F559AB739C05E BaseClass:/Game/FirstPerson/Blueprints/BP_Pickup_Rifle.BP_Pickup_Rifle_C NativeClass:/Script/Engine.Actor Name:BP_Rifle_C_1 Label:BP_Pickup_Rifle SpatiallyLoaded:1 Bounds:IsValid=true, Min=(X=-9337.997 Y=-3064.133 Z=2291.102), Max=(X=-9273.997 Y=-2974.693 Z=2355.102) RuntimeGrid:None EditorOnly:0 RuntimeOnly:0 HLODRelevant:0
 |   |   |- [+] [ 10]
 |   |   |   |- Guid:E5320C1B4FD9764CE7B54D8487AEC613 BaseClass: NativeClass:/Script/Engine.SkyLight Name:SkyLight_0 Label:SkyLight SpatiallyLoaded:0 Bounds:IsValid=true, Min=(X=0.000 Y=0.000 Z=690.000), Max=(X=0.000 Y=0.000 Z=690.000) RuntimeGrid:None EditorOnly:0 RuntimeOnly:0 HLODRelevant:0 FolderPath:Lighting FolderGuid:0BA5F0A04EADB18E70D5B180D08FA34B
 |   |   |- [+] [ 11]
 |   |   |   |- Guid:78907B824E304E162A9A02B9095F1FA1 BaseClass: NativeClass:/Script/Engine.StaticMeshActor Name:StaticMeshActor_43 Label:SM_ChamferCube9 SpatiallyLoaded:1 Bounds:IsValid=true, Min=(X=1191.292 Y=329.199 Z=0.013), Max=(X=1327.894 Y=465.801 Z=100.013) RuntimeGrid:None EditorOnly:0 RuntimeOnly:0 HLODRelevant:0 FolderPath:SimulatedCubes FolderGuid:9AEEADCB4DC6C647D6E7C0B4EDA1744F
 |   |   |- [+] [ 12]
 |   |   |   |- Guid:573177074D0ADB4DA9A357AE2A5CADA8 BaseClass: NativeClass:/Script/Engine.StaticMeshActor Name:StaticMeshActor_49 Label:SM_ChamferCube14 SpatiallyLoaded:1 Bounds:IsValid=true, Min=(X=2480.411 Y=2302.371 Z=0.013), Max=(X=2580.411 Y=2402.371 Z=100.013) RuntimeGrid:None EditorOnly:0 RuntimeOnly:0 HLODRelevant:0 FolderPath:SimulatedCubes FolderGuid:9AEEADCB4DC6C647D6E7C0B4EDA1744F
 |   |   |- [+] [ 13]
 |   |   |   |- Guid:E051597541B4C998010633A0C1018139 BaseClass: NativeClass:/Script/Engine.StaticMeshActor Name:StaticMeshActor_30 Label:SM_ChamferCube5 SpatiallyLoaded:1 Bounds:IsValid=true, Min=(X=1765.431 Y=2937.543 Z=0.063), Max=(X=1976.756 Y=3148.868 Z=150.063) RuntimeGrid:None EditorOnly:0 RuntimeOnly:0 HLODRelevant:0 FolderPath:SimulatedCubes FolderGuid:9AEEADCB4DC6C647D6E7C0B4EDA1744F
 |   |   |- [+] [ 14]
 |   |   |   |- Guid:B0718D6846706384220C03973177EDC1 BaseClass: NativeClass:/Script/Engine.StaticMeshActor Name:StaticMeshActor_44 Label:SM_ChamferCube10 SpatiallyLoaded:1 Bounds:IsValid=true, Min=(X=1157.631 Y=317.500 Z=100.013), Max=(X=1257.631 Y=417.500 Z=200.013) RuntimeGrid:None EditorOnly:0 RuntimeOnly:0 HLODRelevant:0 FolderPath:SimulatedCubes FolderGuid:9AEEADCB4DC6C647D6E7C0B4EDA1744F
 |   |   |- [+] [ 15]
 |   |   |   |- Guid:014139064B272AE31FF877B819CB5734 BaseClass: NativeClass:/Script/Engine.StaticMeshActor Name:StaticMeshActor_8 Label:SM_ChamferCube3 SpatiallyLoaded:1 Bounds:IsValid=true, Min=(X=257.548 Y=2127.548 Z=0.063), Max=(X=462.452 Y=2332.452 Z=150.063) RuntimeGrid:None EditorOnly:0 RuntimeOnly:0 HLODRelevant:0 FolderPath:SimulatedCubes FolderGuid:9AEEADCB4DC6C647D6E7C0B4EDA1744F
 |   |   |- [+] [ 16]
 |   |   |   |- Guid:764666EF4316C7851F06859A678454F2 BaseClass: NativeClass:/Script/Engine.StaticMeshActor Name:StaticMeshActor_46 Label:SM_ChamferCube12 SpatiallyLoaded:1 Bounds:IsValid=true, Min=(X=204.335 Y=3056.000 Z=0.013), Max=(X=345.218 Y=3196.884 Z=100.013) RuntimeGrid:None EditorOnly:0 RuntimeOnly:0 HLODRelevant:0 FolderPath:SimulatedCubes FolderGuid:9AEEADCB4DC6C647D6E7C0B4EDA1744F
 |   |   |- [+] [ 17]
 |   |   |   |- Guid:A354B1B24E617A525DC6B48CCDE2417E BaseClass: NativeClass:/Script/Engine.PlayerStart Name:PlayerStart_0 Label:PlayerStart SpatiallyLoaded:0 Bounds:IsValid=true, Min=(X=-10884.592 Y=-3494.433 Z=2221.584), Max=(X=-10804.592 Y=-3414.433 Z=2405.584) RuntimeGrid:None EditorOnly:0 RuntimeOnly:0 HLODRelevant:0
 |   |   |- [+] [ 18]
 |   |   |   |- Guid:6B9F7C52434CCF99C7551893412C2C21 BaseClass: NativeClass:/Script/Engine.StaticMeshActor Name:StaticMeshActor_51 Label:SM_ChamferCube16 SpatiallyLoaded:1 Bounds:IsValid=true, Min=(X=2480.411 Y=2247.371 Z=100.013), Max=(X=2580.411 Y=2347.371 Z=200.013) RuntimeGrid:None EditorOnly:0 RuntimeOnly:0 HLODRelevant:0 FolderPath:SimulatedCubes FolderGuid:9AEEADCB4DC6C647D6E7C0B4EDA1744F
 |   |   |- [+] [ 19]
 |   |   |   |- Guid:D935740A490176EB4702AF96F92450E8 BaseClass: NativeClass:/Script/Engine.StaticMeshActor Name:StaticMeshActor_38 Label:SM_ChamferCube18 SpatiallyLoaded:1 Bounds:IsValid=true, Min=(X=343.798 Y=1188.520 Z=100.013), Max=(X=471.969 Y=1316.691 Z=200.013) RuntimeGrid:None EditorOnly:0 RuntimeOnly:0 HLODRelevant:0 FolderPath:SimulatedCubes FolderGuid:9AEEADCB4DC6C647D6E7C0B4EDA1744F
 |   |   |- [+] [ 20]
 |   |   |   |- Guid:503301344EDD2580C9B8269BA1FF0C83 BaseClass: NativeClass:/Script/Engine.StaticMeshActor Name:StaticMeshActor_29 Label:SM_ChamferCube4 SpatiallyLoaded:1 Bounds:IsValid=true, Min=(X=334.338 Y=334.338 Z=0.063), Max=(X=545.662 Y=545.662 Z=150.063) RuntimeGrid:None EditorOnly:0 RuntimeOnly:0 HLODRelevant:0 FolderPath:SimulatedCubes FolderGuid:9AEEADCB4DC6C647D6E7C0B4EDA1744F
 |   |   |- [+] [ 21]
 |   |   |   |- Guid:C22CE07C4B87D685137FDBBC10FC92C6 BaseClass: NativeClass:/Script/Engine.SkyAtmosphere Name:SkyAtmosphere_0 Label:SkyAtmosphere SpatiallyLoaded:0 Bounds:IsValid=true, Min=(X=0.000 Y=0.000 Z=1020.000), Max=(X=0.000 Y=0.000 Z=1020.000) RuntimeGrid:None EditorOnly:0 RuntimeOnly:0 HLODRelevant:0 FolderPath:Lighting FolderGuid:0BA5F0A04EADB18E70D5B180D08FA34B
 |   |   |- [+] [ 22]
 |   |   |   |- Guid:C0C56B9644AE3D40CAFF6A878DB29844 BaseClass: NativeClass:/Script/Engine.StaticMeshActor Name:StaticMeshActor_UAID_A4AE111137DC5EFB00_2001720423 Label:SM_SkySphere SpatiallyLoaded:0 Bounds:IsValid=true, Min=(X=-1638400.000 Y=-1638400.000 Z=-1638400.000), Max=(X=1638400.000 Y=1638400.000 Z=1638400.000) RuntimeGrid:None EditorOnly:0 RuntimeOnly:0 HLODRelevant:1 FolderPath:Lighting FolderGuid:0BA5F0A04EADB18E70D5B180D08FA34B
 |   |   |- [+] [ 23]
 |   |   |   |- Guid:6FEFB3BD4EB37B849EF0D4AC80F83855 BaseClass: NativeClass:/Script/Engine.WorldDataLayers Name:WorldDataLayers Label:WorldDataLayers SpatiallyLoaded:0 Bounds:IsValid=true, Min=(X=0.000 Y=0.000 Z=0.000), Max=(X=0.000 Y=0.000 Z=0.000) RuntimeGrid:None EditorOnly:0 RuntimeOnly:0 HLODRelevant:0
 |   |   |- [+] [ 24]
 |   |   |   |- Guid:CE8D82634660FCDB3120E2B8D547C533 BaseClass: NativeClass:/Script/Engine.PostProcessVolume Name:PostProcessVolume_0 Label:PostProcessVolume SpatiallyLoaded:0 Bounds:IsValid=true, Min=(X=0.000 Y=0.000 Z=400.000), Max=(X=200.000 Y=200.000 Z=600.000) RuntimeGrid:None EditorOnly:0 RuntimeOnly:0 HLODRelevant:0 FolderPath:Lighting FolderGuid:0BA5F0A04EADB18E70D5B180D08FA34B
 |   |   |- [+] [ 25]
 |   |   |   |- Guid:D44940D943955A5965276FBBEA044017 BaseClass: NativeClass:/Script/Engine.StaticMeshActor Name:StaticMeshActor_20 Label:SM_ChamferCube2 SpatiallyLoaded:1 Bounds:IsValid=true, Min=(X=324.987 Y=1136.837 Z=0.013), Max=(X=453.158 Y=1265.008 Z=100.013) RuntimeGrid:None EditorOnly:0 RuntimeOnly:0 HLODRelevant:0 FolderPath:SimulatedCubes FolderGuid:9AEEADCB4DC6C647D6E7C0B4EDA1744F
 |   |   |- [+] [ 26]
 |   |   |   |- Guid:14A09365475B44418CBE3BA7D134368D BaseClass: NativeClass:/Script/Landscape.Landscape Name:Landscape_UAID_3024A994B200008001_1495104329 Label:Landscape SpatiallyLoaded:0 Bounds:IsValid=true, Min=(X=-25200.000 Y=-25200.000 Z=-60.000), Max=(X=-25200.000 Y=-25200.000 Z=-60.000) RuntimeGrid:None EditorOnly:0 RuntimeOnly:0 HLODRelevant:0
 |   |   |- [+] [ 27]
 |   |   |   |- Guid:52B607174B3CD89CBD5403A124696E1B BaseClass: NativeClass:/Script/Landscape.LandscapeStreamingProxy Name:LandscapeStreamingProxy_AK898W3QFPBGU6UJ57CX4GWTH_126_0_0_0 Label:LandscapeStreamingProxy_0_0_0 SpatiallyLoaded:1 Bounds:IsValid=true, Min=(X=-25200.000 Y=-25200.000 Z=-160.000), Max=(X=-12600.000 Y=-12600.000 Z=40.000) RuntimeGrid:None EditorOnly:0 RuntimeOnly:0 HLODRelevant:1
 |   |   |- [+] [ 28]
 |   |   |   |- Guid:9D90976E4976AFCB39984F9BEDAC6A4F BaseClass: NativeClass:/Script/Landscape.LandscapeStreamingProxy Name:LandscapeStreamingProxy_AK898W3QFPBGU6UJ57CX4GWTH_126_1_0_0 Label:LandscapeStreamingProxy_1_0_0 SpatiallyLoaded:1 Bounds:IsValid=true, Min=(X=-12600.000 Y=-25200.000 Z=-160.000), Max=(X=0.000 Y=-12600.000 Z=955.625) RuntimeGrid:None EditorOnly:0 RuntimeOnly:0 HLODRelevant:1
 |   |   |- [+] [ 29]
 |   |   |   |- Guid:D220979541BA67D87D3726B5282B5E4D BaseClass: NativeClass:/Script/Landscape.LandscapeStreamingProxy Name:LandscapeStreamingProxy_AK898W3QFPBGU6UJ57CX4GWTH_126_2_0_0 Label:LandscapeStreamingProxy_2_0_0 SpatiallyLoaded:1 Bounds:IsValid=true, Min=(X=0.000 Y=-25200.000 Z=-160.000), Max=(X=12600.000 Y=-12600.000 Z=705.625) RuntimeGrid:None EditorOnly:0 RuntimeOnly:0 HLODRelevant:1
 |   |   |- [+] [ 30]
 |   |   |   |- Guid:F47665BA40313CE720324B939311E452 BaseClass: NativeClass:/Script/Landscape.LandscapeStreamingProxy Name:LandscapeStreamingProxy_AK898W3QFPBGU6UJ57CX4GWTH_126_3_0_0 Label:LandscapeStreamingProxy_3_0_0 SpatiallyLoaded:1 Bounds:IsValid=true, Min=(X=12600.000 Y=-25200.000 Z=-160.000), Max=(X=25200.000 Y=-12600.000 Z=189.219) RuntimeGrid:None EditorOnly:0 RuntimeOnly:0 HLODRelevant:1
 |   |   |- [+] [ 31]
 |   |   |   |- Guid:0B31CF814336661EDE9B029FF1F58E40 BaseClass: NativeClass:/Script/Landscape.LandscapeStreamingProxy Name:LandscapeStreamingProxy_AK898W3QFPBGU6UJ57CX4GWTH_126_0_1_0 Label:LandscapeStreamingProxy_0_1_0 SpatiallyLoaded:1 Bounds:IsValid=true, Min=(X=-25200.000 Y=-12600.000 Z=-160.000), Max=(X=-12600.000 Y=0.000 Z=4640.781) RuntimeGrid:None EditorOnly:0 RuntimeOnly:0 HLODRelevant:1
 |   |   |- [+] [ 32]
 |   |   |   |- Guid:262A73D04D133D707EAA0DB72BE05A94 BaseClass: NativeClass:/Script/Landscape.LandscapeStreamingProxy Name:LandscapeStreamingProxy_AK898W3QFPBGU6UJ57CX4GWTH_126_1_1_0 Label:LandscapeStreamingProxy_1_1_0 SpatiallyLoaded:1 Bounds:IsValid=true, Min=(X=-12600.000 Y=-12600.000 Z=-60.000), Max=(X=0.000 Y=0.000 Z=4888.438) RuntimeGrid:None EditorOnly:0 RuntimeOnly:0 HLODRelevant:1
 |   |   |- [+] [ 33]
 |   |   |   |- Guid:D2F28061422F1A22A4484A86F578605A BaseClass: NativeClass:/Script/Landscape.LandscapeStreamingProxy Name:LandscapeStreamingProxy_AK898W3QFPBGU6UJ57CX4GWTH_126_2_1_0 Label:LandscapeStreamingProxy_2_1_0 SpatiallyLoaded:1 Bounds:IsValid=true, Min=(X=0.000 Y=-12600.000 Z=-60.000), Max=(X=12600.000 Y=0.000 Z=4525.156) RuntimeGrid:None EditorOnly:0 RuntimeOnly:0 HLODRelevant:1
 |   |   |- [+] [ 34]
 |   |   |   |- Guid:FBA4B82147F73EA63ED004A489FCAC48 BaseClass: NativeClass:/Script/Landscape.LandscapeStreamingProxy Name:LandscapeStreamingProxy_AK898W3QFPBGU6UJ57CX4GWTH_126_3_1_0 Label:LandscapeStreamingProxy_3_1_0 SpatiallyLoaded:1 Bounds:IsValid=true, Min=(X=12600.000 Y=-12600.000 Z=-160.000), Max=(X=25200.000 Y=0.000 Z=3467.344) RuntimeGrid:None EditorOnly:0 RuntimeOnly:0 HLODRelevant:1
 |   |   |- [+] [ 35]
 |   |   |   |- Guid:7773B5864063D0AB21257F97A90D7E2F BaseClass: NativeClass:/Script/Landscape.LandscapeStreamingProxy Name:LandscapeStreamingProxy_AK898W3QFPBGU6UJ57CX4GWTH_126_0_2_0 Label:LandscapeStreamingProxy_0_2_0 SpatiallyLoaded:1 Bounds:IsValid=true, Min=(X=-25200.000 Y=0.000 Z=-160.000), Max=(X=-12600.000 Y=12600.000 Z=3530.625) RuntimeGrid:None EditorOnly:0 RuntimeOnly:0 HLODRelevant:1
 |   |   |- [+] [ 36]
 |   |   |   |- Guid:2208696B488F257450BD558E6791268F BaseClass: NativeClass:/Script/Landscape.LandscapeStreamingProxy Name:LandscapeStreamingProxy_AK898W3QFPBGU6UJ57CX4GWTH_126_1_2_0 Label:LandscapeStreamingProxy_1_2_0 SpatiallyLoaded:1 Bounds:IsValid=true, Min=(X=-12600.000 Y=0.000 Z=-60.000), Max=(X=0.000 Y=12600.000 Z=4961.094) RuntimeGrid:None EditorOnly:0 RuntimeOnly:0 HLODRelevant:1
 |   |   |- [+] [ 37]
 |   |   |   |- Guid:DF498ACF433B72A1CE280684D00FB8BA BaseClass: NativeClass:/Script/Landscape.LandscapeStreamingProxy Name:LandscapeStreamingProxy_AK898W3QFPBGU6UJ57CX4GWTH_126_2_2_0 Label:LandscapeStreamingProxy_2_2_0 SpatiallyLoaded:1 Bounds:IsValid=true, Min=(X=0.000 Y=0.000 Z=-60.000), Max=(X=12600.000 Y=12600.000 Z=3171.250) RuntimeGrid:None EditorOnly:0 RuntimeOnly:0 HLODRelevant:1
 |   |   |- [+] [ 38]
 |   |   |   |- Guid:7FC7E63046326AB191BBB5B7953D6120 BaseClass: NativeClass:/Script/Landscape.LandscapeStreamingProxy Name:LandscapeStreamingProxy_AK898W3QFPBGU6UJ57CX4GWTH_126_3_2_0 Label:LandscapeStreamingProxy_3_2_0 SpatiallyLoaded:1 Bounds:IsValid=true, Min=(X=12600.000 Y=0.000 Z=-160.000), Max=(X=25200.000 Y=12600.000 Z=2413.438) RuntimeGrid:None EditorOnly:0 RuntimeOnly:0 HLODRelevant:1
 |   |   |- [+] [ 39]
 |   |   |   |- Guid:DC815DE749CF1FC288B31D80742D4C80 BaseClass: NativeClass:/Script/Landscape.LandscapeStreamingProxy Name:LandscapeStreamingProxy_AK898W3QFPBGU6UJ57CX4GWTH_126_0_3_0 Label:LandscapeStreamingProxy_0_3_0 SpatiallyLoaded:1 Bounds:IsValid=true, Min=(X=-25200.000 Y=12600.000 Z=-160.000), Max=(X=-12600.000 Y=25200.000 Z=40.000) RuntimeGrid:None EditorOnly:0 RuntimeOnly:0 HLODRelevant:1
 |   |   |- [+] [ 40]
 |   |   |   |- Guid:F7445C254D944A292BEA269A236370BA BaseClass: NativeClass:/Script/Landscape.LandscapeStreamingProxy Name:LandscapeStreamingProxy_AK898W3QFPBGU6UJ57CX4GWTH_126_1_3_0 Label:LandscapeStreamingProxy_1_3_0 SpatiallyLoaded:1 Bounds:IsValid=true, Min=(X=-12600.000 Y=12600.000 Z=-160.000), Max=(X=0.000 Y=25200.000 Z=40.000) RuntimeGrid:None EditorOnly:0 RuntimeOnly:0 HLODRelevant:1
 |   |   |- [+] [ 41]
 |   |   |   |- Guid:48D41F864D119EE8F770B79E117DBAF5 BaseClass: NativeClass:/Script/Landscape.LandscapeStreamingProxy Name:LandscapeStreamingProxy_AK898W3QFPBGU6UJ57CX4GWTH_126_2_3_0 Label:LandscapeStreamingProxy_2_3_0 SpatiallyLoaded:1 Bounds:IsValid=true, Min=(X=0.000 Y=12600.000 Z=-160.000), Max=(X=12600.000 Y=25200.000 Z=40.000) RuntimeGrid:None EditorOnly:0 RuntimeOnly:0 HLODRelevant:1
 |   |   |- [+] [ 42]
 |   |   |   |- Guid:864007B7468E1B21AC803DA57F01F650 BaseClass: NativeClass:/Script/Landscape.LandscapeStreamingProxy Name:LandscapeStreamingProxy_AK898W3QFPBGU6UJ57CX4GWTH_126_3_3_0 Label:LandscapeStreamingProxy_3_3_0 SpatiallyLoaded:1 Bounds:IsValid=true, Min=(X=12600.000 Y=12600.000 Z=-160.000), Max=(X=25200.000 Y=25200.000 Z=40.000) RuntimeGrid:None EditorOnly:0 RuntimeOnly:0 HLODRelevant:1
 |   |   |- [+] [ 43]
 |   |   |   |- Guid:9ACDB2AE4C077EB0167FA59369A45B99 BaseClass: NativeClass:/Script/Engine.StaticMeshActor Name:StaticMeshActor_UAID_3024A994B200058001_1254220227 Label:SM_Tree_01 SpatiallyLoaded:1 Bounds:IsValid=true, Min=(X=-11608.112 Y=-5627.082 Z=2499.885), Max=(X=-10538.070 Y=-4943.934 Z=3355.044) RuntimeGrid:None EditorOnly:0 RuntimeOnly:0 HLODRelevant:1
 |   |   |- [+] [ 44]
 |   |   |   |- Guid:5CEF958D420EABEE232027B7BF9A511B BaseClass: NativeClass:/Script/Engine.StaticMeshActor Name:StaticMeshActor_UAID_3024A994B200058001_1355494229 Label:SM_Bush_04 SpatiallyLoaded:1 Bounds:IsValid=true, Min=(X=-9556.002 Y=-4292.731 Z=2484.576), Max=(X=-9234.019 Y=-3997.990 Z=2717.053) RuntimeGrid:None EditorOnly:0 RuntimeOnly:0 HLODRelevant:1
 |   |   |- [+] [ 45]
 |   |   |   |- Guid:C1AF367047F45173665F749064BD6E10 BaseClass: NativeClass:/Script/Engine.StaticMeshActor Name:StaticMeshActor_UAID_3024A994B200058001_1530646233 Label:SM_Bridge SpatiallyLoaded:1 Bounds:IsValid=true, Min=(X=-8415.881 Y=-4194.792 Z=2075.177), Max=(X=-7239.395 Y=-3151.265 Z=2441.293) RuntimeGrid:None EditorOnly:0 RuntimeOnly:0 HLODRelevant:1
 |   |   |- [+] [ 46]
 |   |   |   |- Guid:8BDE6C5A41E14BF9AC9C6E9230E437ED BaseClass: NativeClass:/Script/Engine.StaticMeshActor Name:StaticMeshActor_UAID_3024A994B200058001_1589071235 Label:SM_Bridge2 SpatiallyLoaded:1 Bounds:IsValid=true, Min=(X=-8917.853 Y=-3912.386 Z=2075.177), Max=(X=-7741.368 Y=-2868.860 Z=2441.293) RuntimeGrid:None EditorOnly:0 RuntimeOnly:0 HLODRelevant:1
 |   |   |- [+] [ 47]
 |   |   |   |- Guid:8588625845BB8A310C9C98BA0FCFF3E0 BaseClass: NativeClass:/Script/Engine.StaticMeshActor Name:StaticMeshActor_UAID_3024A994B200058001_1592603236 Label:SM_Bridge3 SpatiallyLoaded:1 Bounds:IsValid=true, Min=(X=-9418.198 Y=-3630.896 Z=2075.177), Max=(X=-8241.713 Y=-2587.369 Z=2441.293) RuntimeGrid:None EditorOnly:0 RuntimeOnly:0 HLODRelevant:1
 |   |   |- [+] [ 48]
 |   |   |   |- Guid:A0F120BE4CEC832B8477E1A070960203 BaseClass: NativeClass:/Script/Engine.StaticMeshActor Name:StaticMeshActor_UAID_3024A994B200058001_1687577237 Label:SM_Bridge4 SpatiallyLoaded:1 Bounds:IsValid=true, Min=(X=-7909.597 Y=-4479.624 Z=2075.177), Max=(X=-6733.112 Y=-3436.097 Z=2441.293) RuntimeGrid:None EditorOnly:0 RuntimeOnly:0 HLODRelevant:1
 |   |   |- [+] [ 49]
 |   |   |   |- Guid:A2B579D048D1A2C094694F93C4EF0E99 BaseClass: NativeClass:/Script/Engine.StaticMeshActor Name:StaticMeshActor_UAID_3024A994B200058001_1706814238 Label:SM_Bridge5 SpatiallyLoaded:1 Bounds:IsValid=true, Min=(X=-7496.661 Y=-4856.593 Z=2080.259), Max=(X=-6362.728 Y=-3690.180 Z=2446.375) RuntimeGrid:None EditorOnly:0 RuntimeOnly:0 HLODRelevant:1
 |   |   |- [+] [ 50]
 |   |   |   |- Guid:5CCA46864AE003F64BCDF495A3ED4BDE BaseClass: NativeClass:/Script/Engine.StaticMeshActor Name:StaticMeshActor_UAID_3024A994B200058001_1905793239 Label:SM_Bridge6 SpatiallyLoaded:1 Bounds:IsValid=true, Min=(X=-7110.041 Y=-5297.846 Z=2076.584), Max=(X=-5976.108 Y=-4131.433 Z=2442.700) RuntimeGrid:None EditorOnly:0 RuntimeOnly:0 HLODRelevant:1
 |   |   |- [+] [ 51]
 |   |   |   |- Guid:3C9480DD4EA25B564E690FB202964DA1 BaseClass: NativeClass:/Script/Engine.StaticMeshActor Name:StaticMeshActor_UAID_3024A994B200058001_1927618240 Label:SM_Bridge7 SpatiallyLoaded:1 Bounds:IsValid=true, Min=(X=-6717.362 Y=-5746.016 Z=2089.189), Max=(X=-5583.429 Y=-4579.603 Z=2455.305) RuntimeGrid:None EditorOnly:0 RuntimeOnly:0 HLODRelevant:1
 |   |   |- [+] [ 52]
 |   |   |   |- Guid:0600C75E4237459F6A1CFBA264273034 BaseClass: NativeClass:/Script/Engine.StaticMeshActor Name:StaticMeshActor_UAID_3024A994B200068001_1075326418 Label:SM_House_01 SpatiallyLoaded:1 Bounds:IsValid=true, Min=(X=-5472.453 Y=-3063.143 Z=-108.028), Max=(X=-3029.292 Y=331.421 Z=1852.588) RuntimeGrid:None EditorOnly:0 RuntimeOnly:0 HLODRelevant:1
 |   |   |- [+] [ 53]
 |   |   |   |- Guid:FB91C4D74E460A3933D2DF92E6E93B5D BaseClass: NativeClass:/Script/Engine.StaticMeshActor Name:StaticMeshActor_UAID_3024A994B200068001_1156284420 Label:SM_Castle_Wall SpatiallyLoaded:1 Bounds:IsValid=true, Min=(X=-5284.695 Y=-3315.310 Z=-55.858), Max=(X=-4425.478 Y=-2459.692 Z=874.277) RuntimeGrid:None EditorOnly:0 RuntimeOnly:0 HLODRelevant:1
 |   |   |- [+] [ 54]
 |   |   |   |- Guid:88B69F3646812B27BB662FAFAFB06DE6 BaseClass: NativeClass:/Script/Engine.StaticMeshActor Name:StaticMeshActor_UAID_3024A994B200068001_1176824421 Label:SM_Castle_Wall2 SpatiallyLoaded:1 Bounds:IsValid=true, Min=(X=-5801.487 Y=-3824.483 Z=-55.858), Max=(X=-4942.270 Y=-2968.866 Z=874.277) RuntimeGrid:None EditorOnly:0 RuntimeOnly:0 HLODRelevant:1
 |   |   |- [+] [ 55]
 |   |   |   |- Guid:8A4E9D5644EA86B30704BF926D36B064 BaseClass: NativeClass:/Script/Engine.StaticMeshActor Name:StaticMeshActor_UAID_3024A994B200068001_1182143422 Label:SM_Castle_Wall3 SpatiallyLoaded:1 Bounds:IsValid=true, Min=(X=-6337.654 Y=-4352.746 Z=-55.858), Max=(X=-5478.436 Y=-3497.128 Z=874.277) RuntimeGrid:None EditorOnly:0 RuntimeOnly:0 HLODRelevant:1
 |   |   |- [+] [ 56]
 |   |   |   |- Guid:27639EA445AB251C0EA8709EE6C88C1A BaseClass: NativeClass:/Script/Engine.StaticMeshActor Name:StaticMeshActor_UAID_3024A994B200068001_1185075423 Label:SM_Castle_Wall4 SpatiallyLoaded:1 Bounds:IsValid=true, Min=(X=-6869.640 Y=-4876.889 Z=-55.858), Max=(X=-6010.422 Y=-4021.272 Z=874.277) RuntimeGrid:None EditorOnly:0 RuntimeOnly:0 HLODRelevant:1
 |   |   |- [+] [ 57]
 |   |   |   |- Guid:C042A3054CA2287ACB1ABA9D13F8F864 BaseClass: NativeClass:/Script/Engine.StaticMeshActor Name:StaticMeshActor_UAID_3024A994B200068001_1210535424 Label:SM_House_Tower SpatiallyLoaded:1 Bounds:IsValid=true, Min=(X=-6712.611 Y=-4690.458 Z=151.925), Max=(X=-5045.645 Y=-2993.058 Z=2026.212) RuntimeGrid:None EditorOnly:0 RuntimeOnly:0 HLODRelevant:1
 |   |   |- [+] [ 58]
 |   |   |   |- Guid:186DAE354AF90E0685D26A8EFD8863C5 BaseClass: NativeClass:/Script/Engine.StaticMeshActor Name:StaticMeshActor_UAID_3024A994B200068001_1259073425 Label:SM_House_02 SpatiallyLoaded:1 Bounds:IsValid=true, Min=(X=-1939.900 Y=-5672.581 Z=-90.372), Max=(X=-522.315 Y=-4176.912 Z=921.384) RuntimeGrid:None EditorOnly:0 RuntimeOnly:0 HLODRelevant:1
 |   |   |- [+] [ 59]
 |   |   |   |- Guid:F23ABA114484DF3F39565CA8D94C7D36 BaseClass: NativeClass:/Script/Engine.StaticMeshActor Name:StaticMeshActor_UAID_3024A994B200068001_1299260426 Label:SM_Shrine SpatiallyLoaded:1 Bounds:IsValid=true, Min=(X=-2040.246 Y=-1990.352 Z=150.533), Max=(X=-1531.570 Y=-1495.660 Z=928.005) RuntimeGrid:None EditorOnly:0 RuntimeOnly:0 HLODRelevant:1
 |   |   |- [+] [ 60]
 |   |   |   |- Guid:0F937AA44047B93FBFECC383C32833B3 BaseClass: NativeClass:/Script/Engine.StaticMeshActor Name:StaticMeshActor_UAID_3024A994B200068001_1350024427 Label:SM_House_Passage SpatiallyLoaded:1 Bounds:IsValid=true, Min=(X=-4186.374 Y=-7016.382 Z=-86.650), Max=(X=-1530.447 Y=-5764.851 Z=1104.702) RuntimeGrid:None EditorOnly:0 RuntimeOnly:0 HLODRelevant:1
 |   |   |- [+] [ 61]
 |   |   |   |- Guid:B6A3429E46B8EA15797BF9B75203F89E BaseClass: NativeClass:/Script/Engine.StaticMeshActor Name:StaticMeshActor_UAID_3024A994B200068001_1387100428 Label:SM_Castle_Wall5 SpatiallyLoaded:1 Bounds:IsValid=true, Min=(X=-6146.397 Y=-4962.219 Z=-55.858), Max=(X=-5350.127 Y=-4074.433 Z=874.277) RuntimeGrid:None EditorOnly:0 RuntimeOnly:0 HLODRelevant:1
 |   |   |- [+] [ 62]
 |   |   |   |- Guid:96E037D84F68126C6AD18BBF53818046 BaseClass: NativeClass:/Script/Engine.StaticMeshActor Name:StaticMeshActor_UAID_3024A994B200068001_1401818429 Label:SM_Castle_Wall6 SpatiallyLoaded:1 Bounds:IsValid=true, Min=(X=-5735.983 Y=-5567.940 Z=-55.858), Max=(X=-4939.713 Y=-4680.153 Z=874.277) RuntimeGrid:None EditorOnly:0 RuntimeOnly:0 HLODRelevant:1
 |   |   |- [+] [ 63]
 |   |   |   |- Guid:3C50085E48DC69EC93DEC3A4508761BF BaseClass: NativeClass:/Script/Engine.StaticMeshActor Name:StaticMeshActor_UAID_3024A994B200068001_1406842430 Label:SM_Castle_Wall7 SpatiallyLoaded:1 Bounds:IsValid=true, Min=(X=-5330.010 Y=-6167.106 Z=-55.858), Max=(X=-4533.741 Y=-5279.319 Z=874.277) RuntimeGrid:None EditorOnly:0 RuntimeOnly:0 HLODRelevant:1
 |   |   |- [+] [ 64]
 |   |   |   |- Guid:C4CA97A14DBE2CB27CC819AB5846140C BaseClass: NativeClass:/Script/Engine.StaticMeshActor Name:StaticMeshActor_UAID_3024A994B200068001_1410422431 Label:SM_Castle_Wall8 SpatiallyLoaded:1 Bounds:IsValid=true, Min=(X=-4909.615 Y=-6787.557 Z=-55.858), Max=(X=-4113.345 Y=-5899.771 Z=874.277) RuntimeGrid:None EditorOnly:0 RuntimeOnly:0 HLODRelevant:1
 |   |   |- [+] [ 65]
 |   |   |   |- Guid:7F659FE743F72156189B008F39699C2E BaseClass: NativeClass:/Script/Engine.StaticMeshActor Name:StaticMeshActor_UAID_3024A994B200068001_1419835432 Label:SM_Castle_Wall9 SpatiallyLoaded:1 Bounds:IsValid=true, Min=(X=-4493.824 Y=-7401.214 Z=-55.858), Max=(X=-3697.554 Y=-6513.427 Z=874.277) RuntimeGrid:None EditorOnly:0 RuntimeOnly:0 HLODRelevant:1
 |   |   |- [+] [ 66]
 |   |   |   |- Guid:50A7D86E485FD031F02B99B39E6E59BC BaseClass: NativeClass:/Script/Engine.StaticMeshActor Name:StaticMeshActor_UAID_3024A994B200068001_1424308433 Label:SM_Castle_Wall10 SpatiallyLoaded:1 Bounds:IsValid=true, Min=(X=-4112.600 Y=-7963.854 Z=-55.858), Max=(X=-3316.330 Y=-7076.067 Z=874.277) RuntimeGrid:None EditorOnly:0 RuntimeOnly:0 HLODRelevant:1
 |   |   |- [+] [ 67]
 |   |   |   |- Guid:3423FE3C405BE5CBC08D8ABE97ACC4B8 BaseClass: NativeClass:/Script/Engine.StaticMeshActor Name:StaticMeshActor_UAID_3024A994B200068001_1433726434 Label:SM_Castle_Wall11 SpatiallyLoaded:1 Bounds:IsValid=true, Min=(X=-1907.799 Y=-6247.654 Z=-206.140), Max=(X=-1123.332 Y=-5358.046 Z=723.995) RuntimeGrid:None EditorOnly:0 RuntimeOnly:0 HLODRelevant:1
 |   |   |- [+] [ 68]
 |   |   |   |- Guid:2461310F4F501AE49A65A98388F92080 BaseClass: NativeClass:/Script/Engine.StaticMeshActor Name:StaticMeshActor_UAID_3024A994B200068001_1514667435 Label:SM_House_Barn SpatiallyLoaded:1 Bounds:IsValid=true, Min=(X=-6308.687 Y=-6478.939 Z=1659.315), Max=(X=-4968.064 Y=-5100.520 Z=2334.677) RuntimeGrid:None EditorOnly:0 RuntimeOnly:0 HLODRelevant:1
 |   |   |- [+] [ 69]
 |   |   |   |- Guid:3CDD7BCF4666C22FACF07E97C3D8319D BaseClass: NativeClass:/Script/Engine.StaticMeshActor Name:StaticMeshActor_UAID_3024A994B200068001_1563317436 Label:SM_Castle_Wall12 SpatiallyLoaded:1 Bounds:IsValid=true, Min=(X=-6243.589 Y=-5889.679 Z=575.324), Max=(X=-5402.855 Y=-5018.840 Z=1737.993) RuntimeGrid:None EditorOnly:0 RuntimeOnly:0 HLODRelevant:1
 |   |   |- [+] [ 70]
 |   |   |   |- Guid:45D182E44AEDEF6739AC08BFDB194819 BaseClass: NativeClass:/Script/Engine.StaticMeshActor Name:StaticMeshActor_UAID_3024A994B200068001_1600659437 Label:SM_Castle_Wall13 SpatiallyLoaded:1 Bounds:IsValid=true, Min=(X=-5758.954 Y=-6438.612 Z=575.324), Max=(X=-4918.220 Y=-5567.773 Z=1737.993) RuntimeGrid:None EditorOnly:0 RuntimeOnly:0 HLODRelevant:1
 |   |   |- [+] [ 71]
 |   |   |   |- Guid:03E05BC34B5EC13DACF2CCAFECA0AA86 BaseClass: NativeClass:/Script/Engine.StaticMeshActor Name:StaticMeshActor_UAID_3024A994B200068001_1610244438 Label:SM_Castle_Wall14 SpatiallyLoaded:1 Bounds:IsValid=true, Min=(X=-6727.570 Y=-5341.485 Z=575.324), Max=(X=-5886.836 Y=-4470.647 Z=1737.993) RuntimeGrid:None EditorOnly:0 RuntimeOnly:0 HLODRelevant:1
 |- ContainerInstances:
 |- [+] MainContainer:
 |   |-        ID: 0x0000000000000000
 |   |-    Bounds: IsValid=false, Min=(X=0.000 Y=0.000 Z=0.000), Max=(X=0.000 Y=0.000 Z=0.000)
 |   |- Transform: 0.000000,0.000000,0.000000|0.000000,0.000000,-0.000000|1.000000,1.000000,1.000000
 |   |- Container: /Game/FirstPerson/Maps/FirstPersonMap
----------------------------------------------------------------------------------------------------------------
FirstPersonMap - Persistent Level
----------------------------------------------------------------------------------------------------------------
Always loaded Actor Count: 80 

----------------------------------------------------------------------------------------------------------------
FirstPersonMap - Runtime Spatial Hash - Streaming Grid - MainGrid
----------------------------------------------------------------------------------------------------------------
            Origin: X=0.000 Y=0.000 Z=0.000
         Cell Size: 12800
      World Bounds: IsValid=false, Min=(X=0.000 Y=0.000 Z=0.000), Max=(X=0.000 Y=0.000 Z=0.000)
     Loading Range: 25600.00
Block Slow Loading: No
 ClientOnlyVisible: No

[+] Grid Levels: 1
 |- Level  0: Cell Count    0 | Cell Size   12800 | Actor Count    0 (0.0%)

[+] Content of Grid Level 0

